2024-12-22 01:55:42.212  INFO 22232 --- [restartedMain] c.d.m.MsavaliadorcreditoApplication      : Starting MsavaliadorcreditoApplication using Java 17.0.6 on DESKTOP-O8M6F8V with PID 22232 (D:\desenvolvimento\udemy\Microservices-Mensageria-RabbitMQ-Keycloak\projeto\microservicos\msavaliadorcredito\target\classes started by ander in D:\desenvolvimento\udemy\Microservices-Mensageria-RabbitMQ-Keycloak\projeto\microservicos\msavaliadorcredito)
2024-12-22 01:55:42.214  INFO 22232 --- [restartedMain] c.d.m.MsavaliadorcreditoApplication      : No active profile set, falling back to 1 default profile: "default"
2024-12-22 01:55:42.300  INFO 22232 --- [restartedMain] .e.DevToolsPropertyDefaultsPostProcessor : Devtools property defaults active! Set 'spring.devtools.add-properties' to 'false' to disable
2024-12-22 01:55:42.301  INFO 22232 --- [restartedMain] .e.DevToolsPropertyDefaultsPostProcessor : For additional web related logging consider setting the 'logging.level.web' property to 'DEBUG'
2024-12-22 01:55:44.969  INFO 22232 --- [restartedMain] o.s.cloud.context.scope.GenericScope     : BeanFactory id=32d86147-72f9-3993-9e54-b57a8d7689c4
2024-12-22 01:55:46.166  INFO 22232 --- [restartedMain] o.s.b.w.embedded.tomcat.TomcatWebServer  : Tomcat initialized with port(s): 0 (http)
2024-12-22 01:55:46.168  INFO 22232 --- [restartedMain] o.a.catalina.core.AprLifecycleListener   : An older version [1.2.14] of the Apache Tomcat Native library is installed, while Tomcat recommends a minimum version of [1.2.30]
2024-12-22 01:55:46.169  INFO 22232 --- [restartedMain] o.a.catalina.core.AprLifecycleListener   : Loaded Apache Tomcat Native library [1.2.14] using APR version [1.6.2].
2024-12-22 01:55:46.170  INFO 22232 --- [restartedMain] o.a.catalina.core.AprLifecycleListener   : APR capabilities: IPv6 [true], sendfile [true], accept filters [false], random [true], UDS [false].
2024-12-22 01:55:46.170  INFO 22232 --- [restartedMain] o.a.catalina.core.AprLifecycleListener   : APR/OpenSSL configuration: useAprConnector [false], useOpenSSL [true]
2024-12-22 01:55:47.910  INFO 22232 --- [restartedMain] o.a.catalina.core.AprLifecycleListener   : OpenSSL successfully initialized [OpenSSL 1.0.2l  25 May 2017]
2024-12-22 01:55:48.002  INFO 22232 --- [restartedMain] o.apache.catalina.core.StandardService   : Starting service [Tomcat]
2024-12-22 01:55:48.009  INFO 22232 --- [restartedMain] org.apache.catalina.core.StandardEngine  : Starting Servlet engine: [Apache Tomcat/9.0.60]
2024-12-22 01:55:48.513  INFO 22232 --- [restartedMain] o.a.c.c.C.[Tomcat].[localhost].[/]       : Initializing Spring embedded WebApplicationContext
2024-12-22 01:55:48.513  INFO 22232 --- [restartedMain] w.s.c.ServletWebServerApplicationContext : Root WebApplicationContext: initialization completed in 6210 ms
2024-12-22 01:55:49.382  WARN 22232 --- [restartedMain] o.s.b.d.a.OptionalLiveReloadServer       : Unable to start LiveReload server
2024-12-22 01:55:49.541  INFO 22232 --- [restartedMain] o.s.c.openfeign.FeignClientFactoryBean   : For 'msclientes' URL not provided. Will try picking an instance via load-balancing.
2024-12-22 01:55:49.685  INFO 22232 --- [restartedMain] o.s.c.openfeign.FeignClientFactoryBean   : For 'mscartoes' URL not provided. Will try picking an instance via load-balancing.
2024-12-22 01:55:52.082  INFO 22232 --- [restartedMain] DiscoveryClientOptionalArgsConfiguration : Eureka HTTP Client uses RestTemplate.
2024-12-22 01:55:52.159  WARN 22232 --- [restartedMain] iguration$LoadBalancerCaffeineWarnLogger : Spring Cloud LoadBalancer is currently working with the default cache. While this cache implementation is useful for development and tests, it's recommended to use Caffeine cache in production.You can switch to using Caffeine cache, by adding it and org.springframework.cache.caffeine.CaffeineCacheManager to the classpath.
2024-12-22 01:55:52.173  INFO 22232 --- [restartedMain] o.s.b.a.e.web.EndpointLinksResolver      : Exposing 17 endpoint(s) beneath base path '/actuator'
2024-12-22 01:55:52.254  INFO 22232 --- [restartedMain] o.s.b.w.embedded.tomcat.TomcatWebServer  : Tomcat started on port(s): 50711 (http) with context path ''
2024-12-22 01:55:52.255  INFO 22232 --- [restartedMain] .s.c.n.e.s.EurekaAutoServiceRegistration : Updating port to 50711
2024-12-22 01:55:52.263  INFO 22232 --- [restartedMain] o.s.c.n.eureka.InstanceInfoFactory       : Setting initial instance status as: STARTING
2024-12-22 01:55:52.432  INFO 22232 --- [restartedMain] com.netflix.discovery.DiscoveryClient    : Initializing Eureka in region us-east-1
2024-12-22 01:55:52.443  INFO 22232 --- [restartedMain] c.n.d.s.r.aws.ConfigClusterResolver      : Resolving eureka endpoints via configuration
2024-12-22 01:55:52.485  INFO 22232 --- [restartedMain] com.netflix.discovery.DiscoveryClient    : Disable delta property : false
2024-12-22 01:55:52.485  INFO 22232 --- [restartedMain] com.netflix.discovery.DiscoveryClient    : Single vip registry refresh property : null
2024-12-22 01:55:52.485  INFO 22232 --- [restartedMain] com.netflix.discovery.DiscoveryClient    : Force full registry fetch : false
2024-12-22 01:55:52.485  INFO 22232 --- [restartedMain] com.netflix.discovery.DiscoveryClient    : Application is null : false
2024-12-22 01:55:52.485  INFO 22232 --- [restartedMain] com.netflix.discovery.DiscoveryClient    : Registered Applications size is zero : true
2024-12-22 01:55:52.485  INFO 22232 --- [restartedMain] com.netflix.discovery.DiscoveryClient    : Application version is -1: true
2024-12-22 01:55:52.485  INFO 22232 --- [restartedMain] com.netflix.discovery.DiscoveryClient    : Getting all instance registry info from the eureka server
2024-12-22 01:55:53.116  INFO 22232 --- [restartedMain] com.netflix.discovery.DiscoveryClient    : The response status is 200
2024-12-22 01:55:53.121  INFO 22232 --- [restartedMain] com.netflix.discovery.DiscoveryClient    : Starting heartbeat executor: renew interval is: 30
2024-12-22 01:55:53.126  INFO 22232 --- [restartedMain] c.n.discovery.InstanceInfoReplicator     : InstanceInfoReplicator onDemand update allowed rate per min is 4
2024-12-22 01:55:53.139  INFO 22232 --- [restartedMain] com.netflix.discovery.DiscoveryClient    : Discovery Client initialized at timestamp 1734843353134 with initial instances count: 2
2024-12-22 01:55:53.141  INFO 22232 --- [restartedMain] o.s.c.n.e.s.EurekaServiceRegistry        : Registering application MSAVALIADORCREDITO with eureka with status UP
2024-12-22 01:55:53.143  INFO 22232 --- [restartedMain] com.netflix.discovery.DiscoveryClient    : Saw local status change event StatusChangeEvent [timestamp=1734843353143, current=UP, previous=STARTING]
2024-12-22 01:55:53.165  INFO 22232 --- [DiscoveryClient-InstanceInfoReplicator-0] com.netflix.discovery.DiscoveryClient    : DiscoveryClient_MSAVALIADORCREDITO/msavaliadorcredito:7e19ff91a2b042550b3b31d0f51a68a2: registering service...
2024-12-22 01:55:53.399  INFO 22232 --- [DiscoveryClient-InstanceInfoReplicator-0] com.netflix.discovery.DiscoveryClient    : DiscoveryClient_MSAVALIADORCREDITO/msavaliadorcredito:7e19ff91a2b042550b3b31d0f51a68a2 - registration status: 204
2024-12-22 01:55:53.887  INFO 22232 --- [restartedMain] c.d.m.MsavaliadorcreditoApplication      : Started MsavaliadorcreditoApplication in 12.553 seconds (JVM running for 13.427)
2024-12-22 01:56:02.843  INFO 22232 --- [http-nio-auto-1-exec-3] o.a.c.c.C.[Tomcat].[localhost].[/]       : Initializing Spring DispatcherServlet 'dispatcherServlet'
2024-12-22 01:56:02.843  INFO 22232 --- [http-nio-auto-1-exec-3] o.s.web.servlet.DispatcherServlet        : Initializing Servlet 'dispatcherServlet'
2024-12-22 01:56:02.846  INFO 22232 --- [http-nio-auto-1-exec-3] o.s.web.servlet.DispatcherServlet        : Completed initialization in 2 ms
2024-12-22 01:56:16.455  INFO 22232 --- [http-nio-auto-1-exec-1] o.springdoc.api.AbstractOpenApiResource  : Init duration for springdoc-openapi is: 410 ms
