2024-12-22 01:34:24.377  INFO 12112 --- [restartedMain] c.d.msclientes.MsclientesApplication     : Starting MsclientesApplication using Java 17.0.6 on DESKTOP-O8M6F8V with PID 12112 (D:\desenvolvimento\udemy\Microservices-Mensageria-RabbitMQ-Keycloak\projeto\microservicos\msclientes\target\classes started by ander in D:\desenvolvimento\udemy\Microservices-Mensageria-RabbitMQ-Keycloak\projeto\microservicos\msclientes)
2024-12-22 01:34:24.386  INFO 12112 --- [restartedMain] c.d.msclientes.MsclientesApplication     : No active profile set, falling back to 1 default profile: "default"
2024-12-22 01:34:24.531  INFO 12112 --- [restartedMain] .e.DevToolsPropertyDefaultsPostProcessor : Devtools property defaults active! Set 'spring.devtools.add-properties' to 'false' to disable
2024-12-22 01:34:24.561  INFO 12112 --- [restartedMain] .e.DevToolsPropertyDefaultsPostProcessor : For additional web related logging consider setting the 'logging.level.web' property to 'DEBUG'
2024-12-22 01:34:26.545  INFO 12112 --- [restartedMain] .s.d.r.c.RepositoryConfigurationDelegate : Bootstrapping Spring Data JPA repositories in DEFAULT mode.
2024-12-22 01:34:26.823  INFO 12112 --- [restartedMain] .s.d.r.c.RepositoryConfigurationDelegate : Finished Spring Data repository scanning in 259 ms. Found 1 JPA repository interfaces.
2024-12-22 01:34:27.889  INFO 12112 --- [restartedMain] o.s.cloud.context.scope.GenericScope     : BeanFactory id=aa152670-90d4-3d14-a246-aecf5cddb5c6
2024-12-22 01:34:29.624  INFO 12112 --- [restartedMain] o.s.b.w.embedded.tomcat.TomcatWebServer  : Tomcat initialized with port(s): 0 (http)
2024-12-22 01:34:29.626  INFO 12112 --- [restartedMain] o.a.catalina.core.AprLifecycleListener   : An older version [1.2.14] of the Apache Tomcat Native library is installed, while Tomcat recommends a minimum version of [1.2.30]
2024-12-22 01:34:29.626  INFO 12112 --- [restartedMain] o.a.catalina.core.AprLifecycleListener   : Loaded Apache Tomcat Native library [1.2.14] using APR version [1.6.2].
2024-12-22 01:34:29.626  INFO 12112 --- [restartedMain] o.a.catalina.core.AprLifecycleListener   : APR capabilities: IPv6 [true], sendfile [true], accept filters [false], random [true], UDS [false].
2024-12-22 01:34:29.627  INFO 12112 --- [restartedMain] o.a.catalina.core.AprLifecycleListener   : APR/OpenSSL configuration: useAprConnector [false], useOpenSSL [true]
2024-12-22 01:34:30.721  INFO 12112 --- [restartedMain] o.a.catalina.core.AprLifecycleListener   : OpenSSL successfully initialized [OpenSSL 1.0.2l  25 May 2017]
2024-12-22 01:34:30.735  INFO 12112 --- [restartedMain] o.apache.catalina.core.StandardService   : Starting service [Tomcat]
2024-12-22 01:34:30.735  INFO 12112 --- [restartedMain] org.apache.catalina.core.StandardEngine  : Starting Servlet engine: [Apache Tomcat/9.0.60]
2024-12-22 01:34:30.912  INFO 12112 --- [restartedMain] o.a.c.c.C.[Tomcat].[localhost].[/]       : Initializing Spring embedded WebApplicationContext
2024-12-22 01:34:30.913  INFO 12112 --- [restartedMain] w.s.c.ServletWebServerApplicationContext : Root WebApplicationContext: initialization completed in 6349 ms
2024-12-22 01:34:31.222  INFO 12112 --- [restartedMain] com.zaxxer.hikari.HikariDataSource       : HikariPool-1 - Starting...
2024-12-22 01:34:31.651  INFO 12112 --- [restartedMain] com.zaxxer.hikari.HikariDataSource       : HikariPool-1 - Start completed.
2024-12-22 01:34:31.673  INFO 12112 --- [restartedMain] o.s.b.a.h2.H2ConsoleAutoConfiguration    : H2 console available at '/h2-console'. Database available at 'jdbc:h2:mem:d9f28ad2-4800-465a-ac88-50c5bf637c79'
2024-12-22 01:34:32.086  INFO 12112 --- [restartedMain] o.hibernate.jpa.internal.util.LogHelper  : HHH000204: Processing PersistenceUnitInfo [name: default]
2024-12-22 01:34:32.222  INFO 12112 --- [restartedMain] org.hibernate.Version                    : HHH000412: Hibernate ORM core version 5.6.7.Final
2024-12-22 01:34:32.671  INFO 12112 --- [restartedMain] o.hibernate.annotations.common.Version   : HCANN000001: Hibernate Commons Annotations {5.1.2.Final}
2024-12-22 01:34:32.940  INFO 12112 --- [restartedMain] org.hibernate.dialect.Dialect            : HHH000400: Using dialect: org.hibernate.dialect.H2Dialect
2024-12-22 01:34:34.787  INFO 12112 --- [restartedMain] o.h.e.t.j.p.i.JtaPlatformInitiator       : HHH000490: Using JtaPlatform implementation: [org.hibernate.engine.transaction.jta.platform.internal.NoJtaPlatform]
2024-12-22 01:34:34.818  INFO 12112 --- [restartedMain] j.LocalContainerEntityManagerFactoryBean : Initialized JPA EntityManagerFactory for persistence unit 'default'
2024-12-22 01:34:36.125  WARN 12112 --- [restartedMain] JpaBaseConfiguration$JpaWebConfiguration : spring.jpa.open-in-view is enabled by default. Therefore, database queries may be performed during view rendering. Explicitly configure spring.jpa.open-in-view to disable this warning
2024-12-22 01:34:38.347  INFO 12112 --- [restartedMain] o.s.b.d.a.OptionalLiveReloadServer       : LiveReload server is running on port 35729
2024-12-22 01:34:38.831  INFO 12112 --- [restartedMain] DiscoveryClientOptionalArgsConfiguration : Eureka HTTP Client uses RestTemplate.
2024-12-22 01:34:38.966  WARN 12112 --- [restartedMain] iguration$LoadBalancerCaffeineWarnLogger : Spring Cloud LoadBalancer is currently working with the default cache. While this cache implementation is useful for development and tests, it's recommended to use Caffeine cache in production.You can switch to using Caffeine cache, by adding it and org.springframework.cache.caffeine.CaffeineCacheManager to the classpath.
2024-12-22 01:34:38.976  INFO 12112 --- [restartedMain] o.s.b.a.e.web.EndpointLinksResolver      : Exposing 17 endpoint(s) beneath base path '/actuator'
2024-12-22 01:34:39.100  INFO 12112 --- [restartedMain] o.s.b.w.embedded.tomcat.TomcatWebServer  : Tomcat started on port(s): 57696 (http) with context path ''
2024-12-22 01:34:39.104  INFO 12112 --- [restartedMain] .s.c.n.e.s.EurekaAutoServiceRegistration : Updating port to 57696
2024-12-22 01:34:39.117  INFO 12112 --- [restartedMain] o.s.c.n.eureka.InstanceInfoFactory       : Setting initial instance status as: STARTING
2024-12-22 01:34:39.278  INFO 12112 --- [restartedMain] com.netflix.discovery.DiscoveryClient    : Initializing Eureka in region us-east-1
2024-12-22 01:34:39.285  INFO 12112 --- [restartedMain] c.n.d.s.r.aws.ConfigClusterResolver      : Resolving eureka endpoints via configuration
2024-12-22 01:34:39.335  INFO 12112 --- [restartedMain] com.netflix.discovery.DiscoveryClient    : Disable delta property : false
2024-12-22 01:34:39.336  INFO 12112 --- [restartedMain] com.netflix.discovery.DiscoveryClient    : Single vip registry refresh property : null
2024-12-22 01:34:39.336  INFO 12112 --- [restartedMain] com.netflix.discovery.DiscoveryClient    : Force full registry fetch : false
2024-12-22 01:34:39.336  INFO 12112 --- [restartedMain] com.netflix.discovery.DiscoveryClient    : Application is null : false
2024-12-22 01:34:39.336  INFO 12112 --- [restartedMain] com.netflix.discovery.DiscoveryClient    : Registered Applications size is zero : true
2024-12-22 01:34:39.336  INFO 12112 --- [restartedMain] com.netflix.discovery.DiscoveryClient    : Application version is -1: true
2024-12-22 01:34:39.337  INFO 12112 --- [restartedMain] com.netflix.discovery.DiscoveryClient    : Getting all instance registry info from the eureka server
2024-12-22 01:34:40.273  INFO 12112 --- [restartedMain] com.netflix.discovery.DiscoveryClient    : The response status is 200
2024-12-22 01:34:40.280  INFO 12112 --- [restartedMain] com.netflix.discovery.DiscoveryClient    : Starting heartbeat executor: renew interval is: 30
2024-12-22 01:34:40.284  INFO 12112 --- [restartedMain] c.n.discovery.InstanceInfoReplicator     : InstanceInfoReplicator onDemand update allowed rate per min is 4
2024-12-22 01:34:40.296  INFO 12112 --- [restartedMain] com.netflix.discovery.DiscoveryClient    : Discovery Client initialized at timestamp 1734842080294 with initial instances count: 1
2024-12-22 01:34:40.300  INFO 12112 --- [restartedMain] o.s.c.n.e.s.EurekaServiceRegistry        : Registering application MSCLIENTES with eureka with status UP
2024-12-22 01:34:40.301  INFO 12112 --- [restartedMain] com.netflix.discovery.DiscoveryClient    : Saw local status change event StatusChangeEvent [timestamp=1734842080301, current=UP, previous=STARTING]
2024-12-22 01:34:40.304  INFO 12112 --- [DiscoveryClient-InstanceInfoReplicator-0] com.netflix.discovery.DiscoveryClient    : DiscoveryClient_MSCLIENTES/msclientes:e586cfa30eee3abfa3bb393c2171c156: registering service...
2024-12-22 01:34:40.538  INFO 12112 --- [DiscoveryClient-InstanceInfoReplicator-0] com.netflix.discovery.DiscoveryClient    : DiscoveryClient_MSCLIENTES/msclientes:e586cfa30eee3abfa3bb393c2171c156 - registration status: 204
2024-12-22 01:34:40.825  INFO 12112 --- [restartedMain] c.d.msclientes.MsclientesApplication     : Started MsclientesApplication in 18.244 seconds (JVM running for 20.175)
2024-12-22 01:39:11.949  INFO 12112 --- [SpringApplicationShutdownHook] o.s.c.n.e.s.EurekaServiceRegistry        : Unregistering application MSCLIENTES with eureka with status DOWN
2024-12-22 01:39:11.950  INFO 12112 --- [SpringApplicationShutdownHook] com.netflix.discovery.DiscoveryClient    : Saw local status change event StatusChangeEvent [timestamp=1734842351950, current=DOWN, previous=UP]
2024-12-22 01:39:11.950  INFO 12112 --- [DiscoveryClient-InstanceInfoReplicator-0] com.netflix.discovery.DiscoveryClient    : DiscoveryClient_MSCLIENTES/msclientes:e586cfa30eee3abfa3bb393c2171c156: registering service...
2024-12-22 01:39:11.955  INFO 12112 --- [DiscoveryClient-InstanceInfoReplicator-0] com.netflix.discovery.DiscoveryClient    : DiscoveryClient_MSCLIENTES/msclientes:e586cfa30eee3abfa3bb393c2171c156 - registration status: 204
2024-12-22 01:39:11.980  INFO 12112 --- [SpringApplicationShutdownHook] j.LocalContainerEntityManagerFactoryBean : Closing JPA EntityManagerFactory for persistence unit 'default'
2024-12-22 01:39:11.980  INFO 12112 --- [SpringApplicationShutdownHook] .SchemaDropperImpl$DelayedDropActionImpl : HHH000477: Starting delayed evictData of schema as part of SessionFactory shut-down'
2024-12-22 01:39:12.204  WARN 12112 --- [SpringApplicationShutdownHook] o.s.b.f.support.DisposableBeanAdapter    : Invocation of destroy method failed on bean with name 'inMemoryDatabaseShutdownExecutor': org.h2.jdbc.JdbcSQLNonTransientConnectionException: Database is already closed (to disable automatic closing at VM shutdown, add ";DB_CLOSE_ON_EXIT=FALSE" to the db URL) [90121-200]
2024-12-22 01:39:12.206  INFO 12112 --- [SpringApplicationShutdownHook] com.zaxxer.hikari.HikariDataSource       : HikariPool-1 - Shutdown initiated...
2024-12-22 01:39:12.209  INFO 12112 --- [SpringApplicationShutdownHook] com.zaxxer.hikari.HikariDataSource       : HikariPool-1 - Shutdown completed.
2024-12-22 01:39:12.211  INFO 12112 --- [SpringApplicationShutdownHook] com.netflix.discovery.DiscoveryClient    : Shutting down DiscoveryClient ...
2024-12-22 01:39:15.224  INFO 12112 --- [SpringApplicationShutdownHook] com.netflix.discovery.DiscoveryClient    : Unregistering ...
2024-12-22 01:39:15.231  INFO 12112 --- [SpringApplicationShutdownHook] com.netflix.discovery.DiscoveryClient    : DiscoveryClient_MSCLIENTES/msclientes:e586cfa30eee3abfa3bb393c2171c156 - deregister  status: 200
2024-12-22 01:39:15.237  INFO 12112 --- [SpringApplicationShutdownHook] com.netflix.discovery.DiscoveryClient    : Completed shut down of DiscoveryClient
2024-12-22 01:39:53.181  INFO 26472 --- [restartedMain] c.d.msclientes.MsclientesApplication     : Starting MsclientesApplication using Java 17.0.6 on DESKTOP-O8M6F8V with PID 26472 (D:\desenvolvimento\udemy\Microservices-Mensageria-RabbitMQ-Keycloak\projeto\microservicos\msclientes\target\classes started by ander in D:\desenvolvimento\udemy\Microservices-Mensageria-RabbitMQ-Keycloak\projeto\microservicos\msclientes)
2024-12-22 01:39:53.183  INFO 26472 --- [restartedMain] c.d.msclientes.MsclientesApplication     : No active profile set, falling back to 1 default profile: "default"
2024-12-22 01:39:53.267  INFO 26472 --- [restartedMain] .e.DevToolsPropertyDefaultsPostProcessor : Devtools property defaults active! Set 'spring.devtools.add-properties' to 'false' to disable
2024-12-22 01:39:53.268  INFO 26472 --- [restartedMain] .e.DevToolsPropertyDefaultsPostProcessor : For additional web related logging consider setting the 'logging.level.web' property to 'DEBUG'
2024-12-22 01:39:55.659  INFO 26472 --- [restartedMain] .s.d.r.c.RepositoryConfigurationDelegate : Bootstrapping Spring Data JPA repositories in DEFAULT mode.
2024-12-22 01:39:55.942  INFO 26472 --- [restartedMain] .s.d.r.c.RepositoryConfigurationDelegate : Finished Spring Data repository scanning in 265 ms. Found 1 JPA repository interfaces.
2024-12-22 01:39:56.670  INFO 26472 --- [restartedMain] o.s.cloud.context.scope.GenericScope     : BeanFactory id=caa1a590-f5f4-311e-8985-2e77b0b2b599
2024-12-22 01:39:59.598  INFO 26472 --- [restartedMain] o.s.b.w.embedded.tomcat.TomcatWebServer  : Tomcat initialized with port(s): 0 (http)
2024-12-22 01:39:59.600  INFO 26472 --- [restartedMain] o.a.catalina.core.AprLifecycleListener   : An older version [1.2.14] of the Apache Tomcat Native library is installed, while Tomcat recommends a minimum version of [1.2.30]
2024-12-22 01:39:59.601  INFO 26472 --- [restartedMain] o.a.catalina.core.AprLifecycleListener   : Loaded Apache Tomcat Native library [1.2.14] using APR version [1.6.2].
2024-12-22 01:39:59.602  INFO 26472 --- [restartedMain] o.a.catalina.core.AprLifecycleListener   : APR capabilities: IPv6 [true], sendfile [true], accept filters [false], random [true], UDS [false].
2024-12-22 01:39:59.603  INFO 26472 --- [restartedMain] o.a.catalina.core.AprLifecycleListener   : APR/OpenSSL configuration: useAprConnector [false], useOpenSSL [true]
2024-12-22 01:40:00.725  INFO 26472 --- [restartedMain] o.a.catalina.core.AprLifecycleListener   : OpenSSL successfully initialized [OpenSSL 1.0.2l  25 May 2017]
2024-12-22 01:40:00.741  INFO 26472 --- [restartedMain] o.apache.catalina.core.StandardService   : Starting service [Tomcat]
2024-12-22 01:40:00.742  INFO 26472 --- [restartedMain] org.apache.catalina.core.StandardEngine  : Starting Servlet engine: [Apache Tomcat/9.0.60]
2024-12-22 01:40:01.068  INFO 26472 --- [restartedMain] o.a.c.c.C.[Tomcat].[localhost].[/]       : Initializing Spring embedded WebApplicationContext
2024-12-22 01:40:01.068  INFO 26472 --- [restartedMain] w.s.c.ServletWebServerApplicationContext : Root WebApplicationContext: initialization completed in 7799 ms
2024-12-22 01:40:01.522  INFO 26472 --- [restartedMain] com.zaxxer.hikari.HikariDataSource       : HikariPool-1 - Starting...
2024-12-22 01:40:01.967  INFO 26472 --- [restartedMain] com.zaxxer.hikari.HikariDataSource       : HikariPool-1 - Start completed.
2024-12-22 01:40:01.990  INFO 26472 --- [restartedMain] o.s.b.a.h2.H2ConsoleAutoConfiguration    : H2 console available at '/h2-console'. Database available at 'jdbc:h2:mem:481d5bc0-ed4f-4a3e-96ac-5615428e05dd'
2024-12-22 01:40:02.491  INFO 26472 --- [restartedMain] o.hibernate.jpa.internal.util.LogHelper  : HHH000204: Processing PersistenceUnitInfo [name: default]
2024-12-22 01:40:02.606  INFO 26472 --- [restartedMain] org.hibernate.Version                    : HHH000412: Hibernate ORM core version 5.6.7.Final
2024-12-22 01:40:02.958  INFO 26472 --- [restartedMain] o.hibernate.annotations.common.Version   : HCANN000001: Hibernate Commons Annotations {5.1.2.Final}
2024-12-22 01:40:03.235  INFO 26472 --- [restartedMain] org.hibernate.dialect.Dialect            : HHH000400: Using dialect: org.hibernate.dialect.H2Dialect
2024-12-22 01:40:04.702  INFO 26472 --- [restartedMain] o.h.e.t.j.p.i.JtaPlatformInitiator       : HHH000490: Using JtaPlatform implementation: [org.hibernate.engine.transaction.jta.platform.internal.NoJtaPlatform]
2024-12-22 01:40:04.727  INFO 26472 --- [restartedMain] j.LocalContainerEntityManagerFactoryBean : Initialized JPA EntityManagerFactory for persistence unit 'default'
2024-12-22 01:40:05.792  WARN 26472 --- [restartedMain] ConfigServletWebServerApplicationContext : Exception encountered during context initialization - cancelling refresh attempt: org.springframework.beans.factory.UnsatisfiedDependencyException: Error creating bean with name 'org.springframework.boot.autoconfigure.web.servlet.WebMvcAutoConfiguration$EnableWebMvcConfiguration': Unsatisfied dependency expressed through method 'setConfigurers' parameter 0; nested exception is org.springframework.beans.factory.UnsatisfiedDependencyException: Error creating bean with name 'swaggerWebMvcConfigurer' defined in class path resource [org/springdoc/webmvc/ui/SwaggerConfig.class]: Unsatisfied dependency expressed through method 'swaggerWebMvcConfigurer' parameter 1; nested exception is org.springframework.beans.factory.UnsatisfiedDependencyException: Error creating bean with name 'indexPageTransformer' defined in class path resource [org/springdoc/webmvc/ui/SwaggerConfig.class]: Unsatisfied dependency expressed through method 'indexPageTransformer' parameter 3; nested exception is org.springframework.beans.factory.NoSuchBeanDefinitionException: No qualifying bean of type 'org.springdoc.webmvc.ui.SwaggerWelcomeCommon' available: expected at least 1 bean which qualifies as autowire candidate. Dependency annotations: {}
2024-12-22 01:40:05.796  INFO 26472 --- [restartedMain] j.LocalContainerEntityManagerFactoryBean : Closing JPA EntityManagerFactory for persistence unit 'default'
2024-12-22 01:40:05.796  INFO 26472 --- [restartedMain] .SchemaDropperImpl$DelayedDropActionImpl : HHH000477: Starting delayed evictData of schema as part of SessionFactory shut-down'
2024-12-22 01:40:06.030  WARN 26472 --- [restartedMain] o.s.b.f.support.DisposableBeanAdapter    : Invocation of destroy method failed on bean with name 'inMemoryDatabaseShutdownExecutor': org.h2.jdbc.JdbcSQLNonTransientConnectionException: Database is already closed (to disable automatic closing at VM shutdown, add ";DB_CLOSE_ON_EXIT=FALSE" to the db URL) [90121-200]
2024-12-22 01:40:06.030  INFO 26472 --- [restartedMain] com.zaxxer.hikari.HikariDataSource       : HikariPool-1 - Shutdown initiated...
2024-12-22 01:40:06.035  INFO 26472 --- [restartedMain] com.zaxxer.hikari.HikariDataSource       : HikariPool-1 - Shutdown completed.
2024-12-22 01:40:06.040  INFO 26472 --- [restartedMain] o.apache.catalina.core.StandardService   : Stopping service [Tomcat]
2024-12-22 01:40:06.092  INFO 26472 --- [restartedMain] ConditionEvaluationReportLoggingListener : 

Error starting ApplicationContext. To display the conditions report re-run your application with 'debug' enabled.
2024-12-22 01:40:06.159 ERROR 26472 --- [restartedMain] o.s.b.d.LoggingFailureAnalysisReporter   : 

***************************
APPLICATION FAILED TO START
***************************

Description:

Parameter 3 of method indexPageTransformer in org.springdoc.webmvc.ui.SwaggerConfig required a bean of type 'org.springdoc.webmvc.ui.SwaggerWelcomeCommon' that could not be found.


Action:

Consider defining a bean of type 'org.springdoc.webmvc.ui.SwaggerWelcomeCommon' in your configuration.

2024-12-22 01:40:33.053  INFO 25616 --- [restartedMain] c.d.msclientes.MsclientesApplication     : Starting MsclientesApplication using Java 17.0.6 on DESKTOP-O8M6F8V with PID 25616 (D:\desenvolvimento\udemy\Microservices-Mensageria-RabbitMQ-Keycloak\projeto\microservicos\msclientes\target\classes started by ander in D:\desenvolvimento\udemy\Microservices-Mensageria-RabbitMQ-Keycloak\projeto\microservicos\msclientes)
2024-12-22 01:40:33.056  INFO 25616 --- [restartedMain] c.d.msclientes.MsclientesApplication     : No active profile set, falling back to 1 default profile: "default"
2024-12-22 01:40:33.151  INFO 25616 --- [restartedMain] .e.DevToolsPropertyDefaultsPostProcessor : Devtools property defaults active! Set 'spring.devtools.add-properties' to 'false' to disable
2024-12-22 01:40:33.152  INFO 25616 --- [restartedMain] .e.DevToolsPropertyDefaultsPostProcessor : For additional web related logging consider setting the 'logging.level.web' property to 'DEBUG'
2024-12-22 01:40:34.970  INFO 25616 --- [restartedMain] .s.d.r.c.RepositoryConfigurationDelegate : Bootstrapping Spring Data JPA repositories in DEFAULT mode.
2024-12-22 01:40:35.139  INFO 25616 --- [restartedMain] .s.d.r.c.RepositoryConfigurationDelegate : Finished Spring Data repository scanning in 158 ms. Found 1 JPA repository interfaces.
2024-12-22 01:40:35.543  INFO 25616 --- [restartedMain] o.s.cloud.context.scope.GenericScope     : BeanFactory id=caa1a590-f5f4-311e-8985-2e77b0b2b599
2024-12-22 01:40:36.846  INFO 25616 --- [restartedMain] o.s.b.w.embedded.tomcat.TomcatWebServer  : Tomcat initialized with port(s): 0 (http)
2024-12-22 01:40:36.849  INFO 25616 --- [restartedMain] o.a.catalina.core.AprLifecycleListener   : An older version [1.2.14] of the Apache Tomcat Native library is installed, while Tomcat recommends a minimum version of [1.2.30]
2024-12-22 01:40:36.849  INFO 25616 --- [restartedMain] o.a.catalina.core.AprLifecycleListener   : Loaded Apache Tomcat Native library [1.2.14] using APR version [1.6.2].
2024-12-22 01:40:36.850  INFO 25616 --- [restartedMain] o.a.catalina.core.AprLifecycleListener   : APR capabilities: IPv6 [true], sendfile [true], accept filters [false], random [true], UDS [false].
2024-12-22 01:40:36.850  INFO 25616 --- [restartedMain] o.a.catalina.core.AprLifecycleListener   : APR/OpenSSL configuration: useAprConnector [false], useOpenSSL [true]
2024-12-22 01:40:37.908  INFO 25616 --- [restartedMain] o.a.catalina.core.AprLifecycleListener   : OpenSSL successfully initialized [OpenSSL 1.0.2l  25 May 2017]
2024-12-22 01:40:37.922  INFO 25616 --- [restartedMain] o.apache.catalina.core.StandardService   : Starting service [Tomcat]
2024-12-22 01:40:37.922  INFO 25616 --- [restartedMain] org.apache.catalina.core.StandardEngine  : Starting Servlet engine: [Apache Tomcat/9.0.60]
2024-12-22 01:40:38.077  INFO 25616 --- [restartedMain] o.a.c.c.C.[Tomcat].[localhost].[/]       : Initializing Spring embedded WebApplicationContext
2024-12-22 01:40:38.078  INFO 25616 --- [restartedMain] w.s.c.ServletWebServerApplicationContext : Root WebApplicationContext: initialization completed in 4925 ms
2024-12-22 01:40:38.317  INFO 25616 --- [restartedMain] com.zaxxer.hikari.HikariDataSource       : HikariPool-1 - Starting...
2024-12-22 01:40:38.721  INFO 25616 --- [restartedMain] com.zaxxer.hikari.HikariDataSource       : HikariPool-1 - Start completed.
2024-12-22 01:40:38.747  INFO 25616 --- [restartedMain] o.s.b.a.h2.H2ConsoleAutoConfiguration    : H2 console available at '/h2-console'. Database available at 'jdbc:h2:mem:730e8383-65e6-4468-a1f2-6d960352ba41'
2024-12-22 01:40:39.273  INFO 25616 --- [restartedMain] o.hibernate.jpa.internal.util.LogHelper  : HHH000204: Processing PersistenceUnitInfo [name: default]
2024-12-22 01:40:39.395  INFO 25616 --- [restartedMain] org.hibernate.Version                    : HHH000412: Hibernate ORM core version 5.6.7.Final
2024-12-22 01:40:39.842  INFO 25616 --- [restartedMain] o.hibernate.annotations.common.Version   : HCANN000001: Hibernate Commons Annotations {5.1.2.Final}
2024-12-22 01:40:40.156  INFO 25616 --- [restartedMain] org.hibernate.dialect.Dialect            : HHH000400: Using dialect: org.hibernate.dialect.H2Dialect
2024-12-22 01:40:41.471  INFO 25616 --- [restartedMain] o.h.e.t.j.p.i.JtaPlatformInitiator       : HHH000490: Using JtaPlatform implementation: [org.hibernate.engine.transaction.jta.platform.internal.NoJtaPlatform]
2024-12-22 01:40:41.492  INFO 25616 --- [restartedMain] j.LocalContainerEntityManagerFactoryBean : Initialized JPA EntityManagerFactory for persistence unit 'default'
2024-12-22 01:40:42.302  WARN 25616 --- [restartedMain] ConfigServletWebServerApplicationContext : Exception encountered during context initialization - cancelling refresh attempt: org.springframework.beans.factory.UnsatisfiedDependencyException: Error creating bean with name 'org.springframework.boot.autoconfigure.web.servlet.WebMvcAutoConfiguration$EnableWebMvcConfiguration': Unsatisfied dependency expressed through method 'setConfigurers' parameter 0; nested exception is org.springframework.beans.factory.UnsatisfiedDependencyException: Error creating bean with name 'swaggerWebMvcConfigurer' defined in class path resource [org/springdoc/webmvc/ui/SwaggerConfig.class]: Unsatisfied dependency expressed through method 'swaggerWebMvcConfigurer' parameter 1; nested exception is org.springframework.beans.factory.UnsatisfiedDependencyException: Error creating bean with name 'indexPageTransformer' defined in class path resource [org/springdoc/webmvc/ui/SwaggerConfig.class]: Unsatisfied dependency expressed through method 'indexPageTransformer' parameter 3; nested exception is org.springframework.beans.factory.NoSuchBeanDefinitionException: No qualifying bean of type 'org.springdoc.webmvc.ui.SwaggerWelcomeCommon' available: expected at least 1 bean which qualifies as autowire candidate. Dependency annotations: {}
2024-12-22 01:40:42.304  INFO 25616 --- [restartedMain] j.LocalContainerEntityManagerFactoryBean : Closing JPA EntityManagerFactory for persistence unit 'default'
2024-12-22 01:40:42.304  INFO 25616 --- [restartedMain] .SchemaDropperImpl$DelayedDropActionImpl : HHH000477: Starting delayed evictData of schema as part of SessionFactory shut-down'
2024-12-22 01:40:42.541  WARN 25616 --- [restartedMain] o.s.b.f.support.DisposableBeanAdapter    : Invocation of destroy method failed on bean with name 'inMemoryDatabaseShutdownExecutor': org.h2.jdbc.JdbcSQLNonTransientConnectionException: Database is already closed (to disable automatic closing at VM shutdown, add ";DB_CLOSE_ON_EXIT=FALSE" to the db URL) [90121-200]
2024-12-22 01:40:42.542  INFO 25616 --- [restartedMain] com.zaxxer.hikari.HikariDataSource       : HikariPool-1 - Shutdown initiated...
2024-12-22 01:40:42.548  INFO 25616 --- [restartedMain] com.zaxxer.hikari.HikariDataSource       : HikariPool-1 - Shutdown completed.
2024-12-22 01:40:42.554  INFO 25616 --- [restartedMain] o.apache.catalina.core.StandardService   : Stopping service [Tomcat]
2024-12-22 01:40:42.606  INFO 25616 --- [restartedMain] ConditionEvaluationReportLoggingListener : 

Error starting ApplicationContext. To display the conditions report re-run your application with 'debug' enabled.
2024-12-22 01:40:42.671 ERROR 25616 --- [restartedMain] o.s.b.d.LoggingFailureAnalysisReporter   : 

***************************
APPLICATION FAILED TO START
***************************

Description:

Parameter 3 of method indexPageTransformer in org.springdoc.webmvc.ui.SwaggerConfig required a bean of type 'org.springdoc.webmvc.ui.SwaggerWelcomeCommon' that could not be found.


Action:

Consider defining a bean of type 'org.springdoc.webmvc.ui.SwaggerWelcomeCommon' in your configuration.

2024-12-22 01:41:15.052  INFO 3416 --- [restartedMain] c.d.msclientes.MsclientesApplication     : Starting MsclientesApplication using Java 17.0.6 on DESKTOP-O8M6F8V with PID 3416 (D:\desenvolvimento\udemy\Microservices-Mensageria-RabbitMQ-Keycloak\projeto\microservicos\msclientes\target\classes started by ander in D:\desenvolvimento\udemy\Microservices-Mensageria-RabbitMQ-Keycloak\projeto\microservicos\msclientes)
2024-12-22 01:41:15.054  INFO 3416 --- [restartedMain] c.d.msclientes.MsclientesApplication     : No active profile set, falling back to 1 default profile: "default"
2024-12-22 01:41:15.151  INFO 3416 --- [restartedMain] .e.DevToolsPropertyDefaultsPostProcessor : Devtools property defaults active! Set 'spring.devtools.add-properties' to 'false' to disable
2024-12-22 01:41:15.152  INFO 3416 --- [restartedMain] .e.DevToolsPropertyDefaultsPostProcessor : For additional web related logging consider setting the 'logging.level.web' property to 'DEBUG'
2024-12-22 01:41:16.534  INFO 3416 --- [restartedMain] .s.d.r.c.RepositoryConfigurationDelegate : Bootstrapping Spring Data JPA repositories in DEFAULT mode.
2024-12-22 01:41:16.675  INFO 3416 --- [restartedMain] .s.d.r.c.RepositoryConfigurationDelegate : Finished Spring Data repository scanning in 128 ms. Found 1 JPA repository interfaces.
2024-12-22 01:41:17.154  INFO 3416 --- [restartedMain] o.s.cloud.context.scope.GenericScope     : BeanFactory id=caa1a590-f5f4-311e-8985-2e77b0b2b599
2024-12-22 01:41:18.060  INFO 3416 --- [restartedMain] o.s.b.w.embedded.tomcat.TomcatWebServer  : Tomcat initialized with port(s): 0 (http)
2024-12-22 01:41:18.062  INFO 3416 --- [restartedMain] o.a.catalina.core.AprLifecycleListener   : An older version [1.2.14] of the Apache Tomcat Native library is installed, while Tomcat recommends a minimum version of [1.2.30]
2024-12-22 01:41:18.063  INFO 3416 --- [restartedMain] o.a.catalina.core.AprLifecycleListener   : Loaded Apache Tomcat Native library [1.2.14] using APR version [1.6.2].
2024-12-22 01:41:18.063  INFO 3416 --- [restartedMain] o.a.catalina.core.AprLifecycleListener   : APR capabilities: IPv6 [true], sendfile [true], accept filters [false], random [true], UDS [false].
2024-12-22 01:41:18.063  INFO 3416 --- [restartedMain] o.a.catalina.core.AprLifecycleListener   : APR/OpenSSL configuration: useAprConnector [false], useOpenSSL [true]
2024-12-22 01:41:19.137  INFO 3416 --- [restartedMain] o.a.catalina.core.AprLifecycleListener   : OpenSSL successfully initialized [OpenSSL 1.0.2l  25 May 2017]
2024-12-22 01:41:19.147  INFO 3416 --- [restartedMain] o.apache.catalina.core.StandardService   : Starting service [Tomcat]
2024-12-22 01:41:19.147  INFO 3416 --- [restartedMain] org.apache.catalina.core.StandardEngine  : Starting Servlet engine: [Apache Tomcat/9.0.60]
2024-12-22 01:41:19.269  INFO 3416 --- [restartedMain] o.a.c.c.C.[Tomcat].[localhost].[/]       : Initializing Spring embedded WebApplicationContext
2024-12-22 01:41:19.269  INFO 3416 --- [restartedMain] w.s.c.ServletWebServerApplicationContext : Root WebApplicationContext: initialization completed in 4116 ms
2024-12-22 01:41:19.491  INFO 3416 --- [restartedMain] com.zaxxer.hikari.HikariDataSource       : HikariPool-1 - Starting...
2024-12-22 01:41:19.738  INFO 3416 --- [restartedMain] com.zaxxer.hikari.HikariDataSource       : HikariPool-1 - Start completed.
2024-12-22 01:41:19.753  INFO 3416 --- [restartedMain] o.s.b.a.h2.H2ConsoleAutoConfiguration    : H2 console available at '/h2-console'. Database available at 'jdbc:h2:mem:e975c636-7695-428f-8c11-30b78eaf22f5'
2024-12-22 01:41:20.068  INFO 3416 --- [restartedMain] o.hibernate.jpa.internal.util.LogHelper  : HHH000204: Processing PersistenceUnitInfo [name: default]
2024-12-22 01:41:20.140  INFO 3416 --- [restartedMain] org.hibernate.Version                    : HHH000412: Hibernate ORM core version 5.6.7.Final
2024-12-22 01:41:20.364  INFO 3416 --- [restartedMain] o.hibernate.annotations.common.Version   : HCANN000001: Hibernate Commons Annotations {5.1.2.Final}
2024-12-22 01:41:20.542  INFO 3416 --- [restartedMain] org.hibernate.dialect.Dialect            : HHH000400: Using dialect: org.hibernate.dialect.H2Dialect
2024-12-22 01:41:21.411  INFO 3416 --- [restartedMain] o.h.e.t.j.p.i.JtaPlatformInitiator       : HHH000490: Using JtaPlatform implementation: [org.hibernate.engine.transaction.jta.platform.internal.NoJtaPlatform]
2024-12-22 01:41:21.428  INFO 3416 --- [restartedMain] j.LocalContainerEntityManagerFactoryBean : Initialized JPA EntityManagerFactory for persistence unit 'default'
2024-12-22 01:41:22.209  WARN 3416 --- [restartedMain] ConfigServletWebServerApplicationContext : Exception encountered during context initialization - cancelling refresh attempt: org.springframework.beans.factory.UnsatisfiedDependencyException: Error creating bean with name 'org.springframework.boot.autoconfigure.web.servlet.WebMvcAutoConfiguration$EnableWebMvcConfiguration': Unsatisfied dependency expressed through method 'setConfigurers' parameter 0; nested exception is org.springframework.beans.factory.UnsatisfiedDependencyException: Error creating bean with name 'swaggerWebMvcConfigurer' defined in class path resource [org/springdoc/webmvc/ui/SwaggerConfig.class]: Unsatisfied dependency expressed through method 'swaggerWebMvcConfigurer' parameter 1; nested exception is org.springframework.beans.factory.UnsatisfiedDependencyException: Error creating bean with name 'indexPageTransformer' defined in class path resource [org/springdoc/webmvc/ui/SwaggerConfig.class]: Unsatisfied dependency expressed through method 'indexPageTransformer' parameter 3; nested exception is org.springframework.beans.factory.NoSuchBeanDefinitionException: No qualifying bean of type 'org.springdoc.webmvc.ui.SwaggerWelcomeCommon' available: expected at least 1 bean which qualifies as autowire candidate. Dependency annotations: {}
2024-12-22 01:41:22.211  INFO 3416 --- [restartedMain] j.LocalContainerEntityManagerFactoryBean : Closing JPA EntityManagerFactory for persistence unit 'default'
2024-12-22 01:41:22.211  INFO 3416 --- [restartedMain] .SchemaDropperImpl$DelayedDropActionImpl : HHH000477: Starting delayed evictData of schema as part of SessionFactory shut-down'
2024-12-22 01:41:22.445  WARN 3416 --- [restartedMain] o.s.b.f.support.DisposableBeanAdapter    : Invocation of destroy method failed on bean with name 'inMemoryDatabaseShutdownExecutor': org.h2.jdbc.JdbcSQLNonTransientConnectionException: Database is already closed (to disable automatic closing at VM shutdown, add ";DB_CLOSE_ON_EXIT=FALSE" to the db URL) [90121-200]
2024-12-22 01:41:22.446  INFO 3416 --- [restartedMain] com.zaxxer.hikari.HikariDataSource       : HikariPool-1 - Shutdown initiated...
2024-12-22 01:41:22.450  INFO 3416 --- [restartedMain] com.zaxxer.hikari.HikariDataSource       : HikariPool-1 - Shutdown completed.
2024-12-22 01:41:22.457  INFO 3416 --- [restartedMain] o.apache.catalina.core.StandardService   : Stopping service [Tomcat]
2024-12-22 01:41:22.501  INFO 3416 --- [restartedMain] ConditionEvaluationReportLoggingListener : 

Error starting ApplicationContext. To display the conditions report re-run your application with 'debug' enabled.
2024-12-22 01:41:22.568 ERROR 3416 --- [restartedMain] o.s.b.d.LoggingFailureAnalysisReporter   : 

***************************
APPLICATION FAILED TO START
***************************

Description:

Parameter 3 of method indexPageTransformer in org.springdoc.webmvc.ui.SwaggerConfig required a bean of type 'org.springdoc.webmvc.ui.SwaggerWelcomeCommon' that could not be found.


Action:

Consider defining a bean of type 'org.springdoc.webmvc.ui.SwaggerWelcomeCommon' in your configuration.

2024-12-22 01:42:24.401  INFO 9820 --- [restartedMain] c.d.msclientes.MsclientesApplication     : Starting MsclientesApplication using Java 17.0.6 on DESKTOP-O8M6F8V with PID 9820 (D:\desenvolvimento\udemy\Microservices-Mensageria-RabbitMQ-Keycloak\projeto\microservicos\msclientes\target\classes started by ander in D:\desenvolvimento\udemy\Microservices-Mensageria-RabbitMQ-Keycloak\projeto\microservicos\msclientes)
2024-12-22 01:42:24.403  INFO 9820 --- [restartedMain] c.d.msclientes.MsclientesApplication     : No active profile set, falling back to 1 default profile: "default"
2024-12-22 01:42:24.643  INFO 9820 --- [restartedMain] .e.DevToolsPropertyDefaultsPostProcessor : Devtools property defaults active! Set 'spring.devtools.add-properties' to 'false' to disable
2024-12-22 01:42:24.644  INFO 9820 --- [restartedMain] .e.DevToolsPropertyDefaultsPostProcessor : For additional web related logging consider setting the 'logging.level.web' property to 'DEBUG'
2024-12-22 01:42:27.143  INFO 9820 --- [restartedMain] .s.d.r.c.RepositoryConfigurationDelegate : Bootstrapping Spring Data JPA repositories in DEFAULT mode.
2024-12-22 01:42:27.364  INFO 9820 --- [restartedMain] .s.d.r.c.RepositoryConfigurationDelegate : Finished Spring Data repository scanning in 200 ms. Found 1 JPA repository interfaces.
2024-12-22 01:42:27.922  INFO 9820 --- [restartedMain] o.s.cloud.context.scope.GenericScope     : BeanFactory id=caa1a590-f5f4-311e-8985-2e77b0b2b599
2024-12-22 01:42:29.059  INFO 9820 --- [restartedMain] o.s.b.w.embedded.tomcat.TomcatWebServer  : Tomcat initialized with port(s): 0 (http)
2024-12-22 01:42:29.061  INFO 9820 --- [restartedMain] o.a.catalina.core.AprLifecycleListener   : An older version [1.2.14] of the Apache Tomcat Native library is installed, while Tomcat recommends a minimum version of [1.2.30]
2024-12-22 01:42:29.061  INFO 9820 --- [restartedMain] o.a.catalina.core.AprLifecycleListener   : Loaded Apache Tomcat Native library [1.2.14] using APR version [1.6.2].
2024-12-22 01:42:29.061  INFO 9820 --- [restartedMain] o.a.catalina.core.AprLifecycleListener   : APR capabilities: IPv6 [true], sendfile [true], accept filters [false], random [true], UDS [false].
2024-12-22 01:42:29.062  INFO 9820 --- [restartedMain] o.a.catalina.core.AprLifecycleListener   : APR/OpenSSL configuration: useAprConnector [false], useOpenSSL [true]
2024-12-22 01:42:30.130  INFO 9820 --- [restartedMain] o.a.catalina.core.AprLifecycleListener   : OpenSSL successfully initialized [OpenSSL 1.0.2l  25 May 2017]
2024-12-22 01:42:30.140  INFO 9820 --- [restartedMain] o.apache.catalina.core.StandardService   : Starting service [Tomcat]
2024-12-22 01:42:30.140  INFO 9820 --- [restartedMain] org.apache.catalina.core.StandardEngine  : Starting Servlet engine: [Apache Tomcat/9.0.60]
2024-12-22 01:42:30.272  INFO 9820 --- [restartedMain] o.a.c.c.C.[Tomcat].[localhost].[/]       : Initializing Spring embedded WebApplicationContext
2024-12-22 01:42:30.273  INFO 9820 --- [restartedMain] w.s.c.ServletWebServerApplicationContext : Root WebApplicationContext: initialization completed in 5616 ms
2024-12-22 01:42:30.489  INFO 9820 --- [restartedMain] com.zaxxer.hikari.HikariDataSource       : HikariPool-1 - Starting...
2024-12-22 01:42:30.782  INFO 9820 --- [restartedMain] com.zaxxer.hikari.HikariDataSource       : HikariPool-1 - Start completed.
2024-12-22 01:42:30.800  INFO 9820 --- [restartedMain] o.s.b.a.h2.H2ConsoleAutoConfiguration    : H2 console available at '/h2-console'. Database available at 'jdbc:h2:mem:9e20be79-0d71-410c-8256-b2161d7dc3f5'
2024-12-22 01:42:31.122  INFO 9820 --- [restartedMain] o.hibernate.jpa.internal.util.LogHelper  : HHH000204: Processing PersistenceUnitInfo [name: default]
2024-12-22 01:42:31.222  INFO 9820 --- [restartedMain] org.hibernate.Version                    : HHH000412: Hibernate ORM core version 5.6.7.Final
2024-12-22 01:42:31.483  INFO 9820 --- [restartedMain] o.hibernate.annotations.common.Version   : HCANN000001: Hibernate Commons Annotations {5.1.2.Final}
2024-12-22 01:42:31.681  INFO 9820 --- [restartedMain] org.hibernate.dialect.Dialect            : HHH000400: Using dialect: org.hibernate.dialect.H2Dialect
2024-12-22 01:42:32.601  INFO 9820 --- [restartedMain] o.h.e.t.j.p.i.JtaPlatformInitiator       : HHH000490: Using JtaPlatform implementation: [org.hibernate.engine.transaction.jta.platform.internal.NoJtaPlatform]
2024-12-22 01:42:32.614  INFO 9820 --- [restartedMain] j.LocalContainerEntityManagerFactoryBean : Initialized JPA EntityManagerFactory for persistence unit 'default'
2024-12-22 01:42:33.279  WARN 9820 --- [restartedMain] ConfigServletWebServerApplicationContext : Exception encountered during context initialization - cancelling refresh attempt: org.springframework.beans.factory.UnsatisfiedDependencyException: Error creating bean with name 'org.springframework.boot.autoconfigure.web.servlet.WebMvcAutoConfiguration$EnableWebMvcConfiguration': Unsatisfied dependency expressed through method 'setConfigurers' parameter 0; nested exception is org.springframework.beans.factory.UnsatisfiedDependencyException: Error creating bean with name 'swaggerWebMvcConfigurer' defined in class path resource [org/springdoc/webmvc/ui/SwaggerConfig.class]: Unsatisfied dependency expressed through method 'swaggerWebMvcConfigurer' parameter 1; nested exception is org.springframework.beans.factory.UnsatisfiedDependencyException: Error creating bean with name 'indexPageTransformer' defined in class path resource [org/springdoc/webmvc/ui/SwaggerConfig.class]: Unsatisfied dependency expressed through method 'indexPageTransformer' parameter 3; nested exception is org.springframework.beans.factory.NoSuchBeanDefinitionException: No qualifying bean of type 'org.springdoc.webmvc.ui.SwaggerWelcomeCommon' available: expected at least 1 bean which qualifies as autowire candidate. Dependency annotations: {}
2024-12-22 01:42:33.280  INFO 9820 --- [restartedMain] j.LocalContainerEntityManagerFactoryBean : Closing JPA EntityManagerFactory for persistence unit 'default'
2024-12-22 01:42:33.281  INFO 9820 --- [restartedMain] .SchemaDropperImpl$DelayedDropActionImpl : HHH000477: Starting delayed evictData of schema as part of SessionFactory shut-down'
2024-12-22 01:42:33.503  WARN 9820 --- [restartedMain] o.s.b.f.support.DisposableBeanAdapter    : Invocation of destroy method failed on bean with name 'inMemoryDatabaseShutdownExecutor': org.h2.jdbc.JdbcSQLNonTransientConnectionException: Database is already closed (to disable automatic closing at VM shutdown, add ";DB_CLOSE_ON_EXIT=FALSE" to the db URL) [90121-200]
2024-12-22 01:42:33.503  INFO 9820 --- [restartedMain] com.zaxxer.hikari.HikariDataSource       : HikariPool-1 - Shutdown initiated...
2024-12-22 01:42:33.506  INFO 9820 --- [restartedMain] com.zaxxer.hikari.HikariDataSource       : HikariPool-1 - Shutdown completed.
2024-12-22 01:42:33.512  INFO 9820 --- [restartedMain] o.apache.catalina.core.StandardService   : Stopping service [Tomcat]
2024-12-22 01:42:33.545  INFO 9820 --- [restartedMain] ConditionEvaluationReportLoggingListener : 

Error starting ApplicationContext. To display the conditions report re-run your application with 'debug' enabled.
2024-12-22 01:42:33.588 ERROR 9820 --- [restartedMain] o.s.b.d.LoggingFailureAnalysisReporter   : 

***************************
APPLICATION FAILED TO START
***************************

Description:

Parameter 3 of method indexPageTransformer in org.springdoc.webmvc.ui.SwaggerConfig required a bean of type 'org.springdoc.webmvc.ui.SwaggerWelcomeCommon' that could not be found.


Action:

Consider defining a bean of type 'org.springdoc.webmvc.ui.SwaggerWelcomeCommon' in your configuration.

