2024-12-22 01:49:46.609  INFO 9632 --- [restartedMain] c.dandy.mscartoes.MscartoesApplication   : Starting MscartoesApplication using Java 17.0.6 on DESKTOP-O8M6F8V with PID 9632 (D:\desenvolvimento\udemy\Microservices-Mensageria-RabbitMQ-Keycloak\projeto\microservicos\mscartoes\target\classes started by ander in D:\desenvolvimento\udemy\Microservices-Mensageria-RabbitMQ-Keycloak\projeto\microservicos\mscartoes)
2024-12-22 01:49:46.610  INFO 9632 --- [restartedMain] c.dandy.mscartoes.MscartoesApplication   : No active profile set, falling back to 1 default profile: "default"
2024-12-22 01:49:46.728  INFO 9632 --- [restartedMain] .e.DevToolsPropertyDefaultsPostProcessor : Devtools property defaults active! Set 'spring.devtools.add-properties' to 'false' to disable
2024-12-22 01:49:46.729  INFO 9632 --- [restartedMain] .e.DevToolsPropertyDefaultsPostProcessor : For additional web related logging consider setting the 'logging.level.web' property to 'DEBUG'
2024-12-22 01:49:48.558  INFO 9632 --- [restartedMain] .s.d.r.c.RepositoryConfigurationDelegate : Bootstrapping Spring Data JPA repositories in DEFAULT mode.
2024-12-22 01:49:48.786  INFO 9632 --- [restartedMain] .s.d.r.c.RepositoryConfigurationDelegate : Finished Spring Data repository scanning in 212 ms. Found 2 JPA repository interfaces.
2024-12-22 01:49:49.337  INFO 9632 --- [restartedMain] o.s.cloud.context.scope.GenericScope     : BeanFactory id=19699997-8146-31f0-bd8a-ab3c53507eec
2024-12-22 01:49:50.526  INFO 9632 --- [restartedMain] o.s.b.w.embedded.tomcat.TomcatWebServer  : Tomcat initialized with port(s): 0 (http)
2024-12-22 01:49:50.528  INFO 9632 --- [restartedMain] o.a.catalina.core.AprLifecycleListener   : An older version [1.2.14] of the Apache Tomcat Native library is installed, while Tomcat recommends a minimum version of [1.2.30]
2024-12-22 01:49:50.529  INFO 9632 --- [restartedMain] o.a.catalina.core.AprLifecycleListener   : Loaded Apache Tomcat Native library [1.2.14] using APR version [1.6.2].
2024-12-22 01:49:50.530  INFO 9632 --- [restartedMain] o.a.catalina.core.AprLifecycleListener   : APR capabilities: IPv6 [true], sendfile [true], accept filters [false], random [true], UDS [false].
2024-12-22 01:49:50.530  INFO 9632 --- [restartedMain] o.a.catalina.core.AprLifecycleListener   : APR/OpenSSL configuration: useAprConnector [false], useOpenSSL [true]
2024-12-22 01:49:51.750  INFO 9632 --- [restartedMain] o.a.catalina.core.AprLifecycleListener   : OpenSSL successfully initialized [OpenSSL 1.0.2l  25 May 2017]
2024-12-22 01:49:51.778  INFO 9632 --- [restartedMain] o.apache.catalina.core.StandardService   : Starting service [Tomcat]
2024-12-22 01:49:51.779  INFO 9632 --- [restartedMain] org.apache.catalina.core.StandardEngine  : Starting Servlet engine: [Apache Tomcat/9.0.60]
2024-12-22 01:49:52.124  INFO 9632 --- [restartedMain] o.a.c.c.C.[Tomcat].[localhost].[/]       : Initializing Spring embedded WebApplicationContext
2024-12-22 01:49:52.125  INFO 9632 --- [restartedMain] w.s.c.ServletWebServerApplicationContext : Root WebApplicationContext: initialization completed in 5395 ms
2024-12-22 01:49:52.339  INFO 9632 --- [restartedMain] com.zaxxer.hikari.HikariDataSource       : HikariPool-1 - Starting...
2024-12-22 01:49:53.598  INFO 9632 --- [restartedMain] com.zaxxer.hikari.HikariDataSource       : HikariPool-1 - Start completed.
2024-12-22 01:49:53.661  INFO 9632 --- [restartedMain] o.s.b.a.h2.H2ConsoleAutoConfiguration    : H2 console available at '/h2-console'. Database available at 'jdbc:h2:mem:5e049b3a-98c1-40b6-ade0-b5a8383eddee'
2024-12-22 01:49:54.732  INFO 9632 --- [restartedMain] o.hibernate.jpa.internal.util.LogHelper  : HHH000204: Processing PersistenceUnitInfo [name: default]
2024-12-22 01:49:55.734  INFO 9632 --- [restartedMain] org.hibernate.Version                    : HHH000412: Hibernate ORM core version 5.6.7.Final
2024-12-22 01:49:56.822  INFO 9632 --- [restartedMain] o.hibernate.annotations.common.Version   : HCANN000001: Hibernate Commons Annotations {5.1.2.Final}
2024-12-22 01:49:57.404  INFO 9632 --- [restartedMain] org.hibernate.dialect.Dialect            : HHH000400: Using dialect: org.hibernate.dialect.H2Dialect
2024-12-22 01:49:59.074  INFO 9632 --- [restartedMain] o.h.e.t.j.p.i.JtaPlatformInitiator       : HHH000490: Using JtaPlatform implementation: [org.hibernate.engine.transaction.jta.platform.internal.NoJtaPlatform]
2024-12-22 01:49:59.095  INFO 9632 --- [restartedMain] j.LocalContainerEntityManagerFactoryBean : Initialized JPA EntityManagerFactory for persistence unit 'default'
2024-12-22 01:50:00.163  WARN 9632 --- [restartedMain] JpaBaseConfiguration$JpaWebConfiguration : spring.jpa.open-in-view is enabled by default. Therefore, database queries may be performed during view rendering. Explicitly configure spring.jpa.open-in-view to disable this warning
2024-12-22 01:50:01.521  WARN 9632 --- [restartedMain] o.s.b.d.a.OptionalLiveReloadServer       : Unable to start LiveReload server
2024-12-22 01:50:02.249  INFO 9632 --- [restartedMain] DiscoveryClientOptionalArgsConfiguration : Eureka HTTP Client uses RestTemplate.
2024-12-22 01:50:03.041  WARN 9632 --- [restartedMain] iguration$LoadBalancerCaffeineWarnLogger : Spring Cloud LoadBalancer is currently working with the default cache. While this cache implementation is useful for development and tests, it's recommended to use Caffeine cache in production.You can switch to using Caffeine cache, by adding it and org.springframework.cache.caffeine.CaffeineCacheManager to the classpath.
2024-12-22 01:50:03.181  INFO 9632 --- [restartedMain] o.s.b.w.embedded.tomcat.TomcatWebServer  : Tomcat started on port(s): 52552 (http) with context path ''
2024-12-22 01:50:03.183  INFO 9632 --- [restartedMain] .s.c.n.e.s.EurekaAutoServiceRegistration : Updating port to 52552
2024-12-22 01:50:03.192  INFO 9632 --- [restartedMain] o.s.c.n.eureka.InstanceInfoFactory       : Setting initial instance status as: STARTING
2024-12-22 01:50:03.371  INFO 9632 --- [restartedMain] com.netflix.discovery.DiscoveryClient    : Initializing Eureka in region us-east-1
2024-12-22 01:50:03.378  INFO 9632 --- [restartedMain] c.n.d.s.r.aws.ConfigClusterResolver      : Resolving eureka endpoints via configuration
2024-12-22 01:50:03.418  INFO 9632 --- [restartedMain] com.netflix.discovery.DiscoveryClient    : Disable delta property : false
2024-12-22 01:50:03.418  INFO 9632 --- [restartedMain] com.netflix.discovery.DiscoveryClient    : Single vip registry refresh property : null
2024-12-22 01:50:03.419  INFO 9632 --- [restartedMain] com.netflix.discovery.DiscoveryClient    : Force full registry fetch : false
2024-12-22 01:50:03.419  INFO 9632 --- [restartedMain] com.netflix.discovery.DiscoveryClient    : Application is null : false
2024-12-22 01:50:03.419  INFO 9632 --- [restartedMain] com.netflix.discovery.DiscoveryClient    : Registered Applications size is zero : true
2024-12-22 01:50:03.419  INFO 9632 --- [restartedMain] com.netflix.discovery.DiscoveryClient    : Application version is -1: true
2024-12-22 01:50:03.419  INFO 9632 --- [restartedMain] com.netflix.discovery.DiscoveryClient    : Getting all instance registry info from the eureka server
2024-12-22 01:50:04.069  INFO 9632 --- [restartedMain] com.netflix.discovery.DiscoveryClient    : The response status is 200
2024-12-22 01:50:04.073  INFO 9632 --- [restartedMain] com.netflix.discovery.DiscoveryClient    : Starting heartbeat executor: renew interval is: 30
2024-12-22 01:50:04.077  INFO 9632 --- [restartedMain] c.n.discovery.InstanceInfoReplicator     : InstanceInfoReplicator onDemand update allowed rate per min is 4
2024-12-22 01:50:04.088  INFO 9632 --- [restartedMain] com.netflix.discovery.DiscoveryClient    : Discovery Client initialized at timestamp 1734843004085 with initial instances count: 2
2024-12-22 01:50:04.095  INFO 9632 --- [restartedMain] o.s.c.n.e.s.EurekaServiceRegistry        : Registering application MSCARTOES with eureka with status UP
2024-12-22 01:50:04.096  INFO 9632 --- [restartedMain] com.netflix.discovery.DiscoveryClient    : Saw local status change event StatusChangeEvent [timestamp=1734843004096, current=UP, previous=STARTING]
2024-12-22 01:50:04.099  INFO 9632 --- [DiscoveryClient-InstanceInfoReplicator-0] com.netflix.discovery.DiscoveryClient    : DiscoveryClient_MSCARTOES/mscartoes:118d206bdf4b9ea2880015bc2c49fe68: registering service...
2024-12-22 01:50:04.321  INFO 9632 --- [DiscoveryClient-InstanceInfoReplicator-0] com.netflix.discovery.DiscoveryClient    : DiscoveryClient_MSCARTOES/mscartoes:118d206bdf4b9ea2880015bc2c49fe68 - registration status: 204
2024-12-22 01:50:04.773  INFO 9632 --- [restartedMain] o.s.a.r.c.CachingConnectionFactory       : Attempting to connect to: [localhost:5672]
2024-12-22 01:50:05.067  INFO 9632 --- [restartedMain] o.s.a.r.c.CachingConnectionFactory       : Created new connection: rabbitConnectionFactory#24ebe63d:0/SimpleConnection@2bbfef5d [delegate=amqp://guest@127.0.0.1:5672/, localPort= 52555]
2024-12-22 01:50:05.220  INFO 9632 --- [restartedMain] c.dandy.mscartoes.MscartoesApplication   : Started MscartoesApplication in 20.399 seconds (JVM running for 22.33)
2024-12-22 01:50:29.458  INFO 9632 --- [http-nio-auto-1-exec-1] o.a.c.c.C.[Tomcat].[localhost].[/]       : Initializing Spring DispatcherServlet 'dispatcherServlet'
2024-12-22 01:50:29.459  INFO 9632 --- [http-nio-auto-1-exec-1] o.s.web.servlet.DispatcherServlet        : Initializing Servlet 'dispatcherServlet'
2024-12-22 01:50:29.462  INFO 9632 --- [http-nio-auto-1-exec-1] o.s.web.servlet.DispatcherServlet        : Completed initialization in 3 ms
2024-12-22 01:52:15.764  INFO 9632 --- [SpringApplicationShutdownHook] o.s.c.n.e.s.EurekaServiceRegistry        : Unregistering application MSCARTOES with eureka with status DOWN
2024-12-22 01:52:15.765  INFO 9632 --- [SpringApplicationShutdownHook] com.netflix.discovery.DiscoveryClient    : Saw local status change event StatusChangeEvent [timestamp=1734843135765, current=DOWN, previous=UP]
2024-12-22 01:52:15.765  INFO 9632 --- [DiscoveryClient-InstanceInfoReplicator-0] com.netflix.discovery.DiscoveryClient    : DiscoveryClient_MSCARTOES/mscartoes:118d206bdf4b9ea2880015bc2c49fe68: registering service...
2024-12-22 01:52:15.772  INFO 9632 --- [DiscoveryClient-InstanceInfoReplicator-0] com.netflix.discovery.DiscoveryClient    : DiscoveryClient_MSCARTOES/mscartoes:118d206bdf4b9ea2880015bc2c49fe68 - registration status: 204
2024-12-22 01:52:15.773  INFO 9632 --- [SpringApplicationShutdownHook] o.s.a.r.l.SimpleMessageListenerContainer : Waiting for workers to finish.
2024-12-22 01:52:16.437  INFO 9632 --- [SpringApplicationShutdownHook] o.s.a.r.l.SimpleMessageListenerContainer : Successfully waited for workers to finish.
2024-12-22 01:52:16.479  INFO 9632 --- [SpringApplicationShutdownHook] j.LocalContainerEntityManagerFactoryBean : Closing JPA EntityManagerFactory for persistence unit 'default'
2024-12-22 01:52:16.480  INFO 9632 --- [SpringApplicationShutdownHook] .SchemaDropperImpl$DelayedDropActionImpl : HHH000477: Starting delayed evictData of schema as part of SessionFactory shut-down'
2024-12-22 01:52:16.713  WARN 9632 --- [SpringApplicationShutdownHook] o.s.b.f.support.DisposableBeanAdapter    : Invocation of destroy method failed on bean with name 'inMemoryDatabaseShutdownExecutor': org.h2.jdbc.JdbcSQLNonTransientConnectionException: Database is already closed (to disable automatic closing at VM shutdown, add ";DB_CLOSE_ON_EXIT=FALSE" to the db URL) [90121-200]
2024-12-22 01:52:16.714  INFO 9632 --- [SpringApplicationShutdownHook] com.zaxxer.hikari.HikariDataSource       : HikariPool-1 - Shutdown initiated...
2024-12-22 01:52:16.716  INFO 9632 --- [SpringApplicationShutdownHook] com.zaxxer.hikari.HikariDataSource       : HikariPool-1 - Shutdown completed.
2024-12-22 01:52:16.716  INFO 9632 --- [SpringApplicationShutdownHook] com.netflix.discovery.DiscoveryClient    : Shutting down DiscoveryClient ...
2024-12-22 01:52:19.724  INFO 9632 --- [SpringApplicationShutdownHook] com.netflix.discovery.DiscoveryClient    : Unregistering ...
2024-12-22 01:52:19.732  INFO 9632 --- [SpringApplicationShutdownHook] com.netflix.discovery.DiscoveryClient    : DiscoveryClient_MSCARTOES/mscartoes:118d206bdf4b9ea2880015bc2c49fe68 - deregister  status: 200
2024-12-22 01:52:19.742  INFO 9632 --- [SpringApplicationShutdownHook] com.netflix.discovery.DiscoveryClient    : Completed shut down of DiscoveryClient
