2024-12-22 01:49:46.609  INFO 9632 --- [restartedMain] c.dandy.mscartoes.MscartoesApplication   : Starting MscartoesApplication using Java 17.0.6 on DESKTOP-O8M6F8V with PID 9632 (D:\desenvolvimento\udemy\Microservices-Mensageria-RabbitMQ-Keycloak\projeto\microservicos\mscartoes\target\classes started by ander in D:\desenvolvimento\udemy\Microservices-Mensageria-RabbitMQ-Keycloak\projeto\microservicos\mscartoes)
2024-12-22 01:49:46.610  INFO 9632 --- [restartedMain] c.dandy.mscartoes.MscartoesApplication   : No active profile set, falling back to 1 default profile: "default"
2024-12-22 01:49:46.728  INFO 9632 --- [restartedMain] .e.DevToolsPropertyDefaultsPostProcessor : Devtools property defaults active! Set 'spring.devtools.add-properties' to 'false' to disable
2024-12-22 01:49:46.729  INFO 9632 --- [restartedMain] .e.DevToolsPropertyDefaultsPostProcessor : For additional web related logging consider setting the 'logging.level.web' property to 'DEBUG'
2024-12-22 01:49:48.558  INFO 9632 --- [restartedMain] .s.d.r.c.RepositoryConfigurationDelegate : Bootstrapping Spring Data JPA repositories in DEFAULT mode.
2024-12-22 01:49:48.786  INFO 9632 --- [restartedMain] .s.d.r.c.RepositoryConfigurationDelegate : Finished Spring Data repository scanning in 212 ms. Found 2 JPA repository interfaces.
2024-12-22 01:49:49.337  INFO 9632 --- [restartedMain] o.s.cloud.context.scope.GenericScope     : BeanFactory id=19699997-8146-31f0-bd8a-ab3c53507eec
2024-12-22 01:49:50.526  INFO 9632 --- [restartedMain] o.s.b.w.embedded.tomcat.TomcatWebServer  : Tomcat initialized with port(s): 0 (http)
2024-12-22 01:49:50.528  INFO 9632 --- [restartedMain] o.a.catalina.core.AprLifecycleListener   : An older version [1.2.14] of the Apache Tomcat Native library is installed, while Tomcat recommends a minimum version of [1.2.30]
2024-12-22 01:49:50.529  INFO 9632 --- [restartedMain] o.a.catalina.core.AprLifecycleListener   : Loaded Apache Tomcat Native library [1.2.14] using APR version [1.6.2].
2024-12-22 01:49:50.530  INFO 9632 --- [restartedMain] o.a.catalina.core.AprLifecycleListener   : APR capabilities: IPv6 [true], sendfile [true], accept filters [false], random [true], UDS [false].
2024-12-22 01:49:50.530  INFO 9632 --- [restartedMain] o.a.catalina.core.AprLifecycleListener   : APR/OpenSSL configuration: useAprConnector [false], useOpenSSL [true]
2024-12-22 01:49:51.750  INFO 9632 --- [restartedMain] o.a.catalina.core.AprLifecycleListener   : OpenSSL successfully initialized [OpenSSL 1.0.2l  25 May 2017]
2024-12-22 01:49:51.778  INFO 9632 --- [restartedMain] o.apache.catalina.core.StandardService   : Starting service [Tomcat]
2024-12-22 01:49:51.779  INFO 9632 --- [restartedMain] org.apache.catalina.core.StandardEngine  : Starting Servlet engine: [Apache Tomcat/9.0.60]
2024-12-22 01:49:52.124  INFO 9632 --- [restartedMain] o.a.c.c.C.[Tomcat].[localhost].[/]       : Initializing Spring embedded WebApplicationContext
2024-12-22 01:49:52.125  INFO 9632 --- [restartedMain] w.s.c.ServletWebServerApplicationContext : Root WebApplicationContext: initialization completed in 5395 ms
2024-12-22 01:49:52.339  INFO 9632 --- [restartedMain] com.zaxxer.hikari.HikariDataSource       : HikariPool-1 - Starting...
2024-12-22 01:49:53.598  INFO 9632 --- [restartedMain] com.zaxxer.hikari.HikariDataSource       : HikariPool-1 - Start completed.
2024-12-22 01:49:53.661  INFO 9632 --- [restartedMain] o.s.b.a.h2.H2ConsoleAutoConfiguration    : H2 console available at '/h2-console'. Database available at 'jdbc:h2:mem:5e049b3a-98c1-40b6-ade0-b5a8383eddee'
2024-12-22 01:49:54.732  INFO 9632 --- [restartedMain] o.hibernate.jpa.internal.util.LogHelper  : HHH000204: Processing PersistenceUnitInfo [name: default]
2024-12-22 01:49:55.734  INFO 9632 --- [restartedMain] org.hibernate.Version                    : HHH000412: Hibernate ORM core version 5.6.7.Final
2024-12-22 01:49:56.822  INFO 9632 --- [restartedMain] o.hibernate.annotations.common.Version   : HCANN000001: Hibernate Commons Annotations {5.1.2.Final}
2024-12-22 01:49:57.404  INFO 9632 --- [restartedMain] org.hibernate.dialect.Dialect            : HHH000400: Using dialect: org.hibernate.dialect.H2Dialect
2024-12-22 01:49:59.074  INFO 9632 --- [restartedMain] o.h.e.t.j.p.i.JtaPlatformInitiator       : HHH000490: Using JtaPlatform implementation: [org.hibernate.engine.transaction.jta.platform.internal.NoJtaPlatform]
2024-12-22 01:49:59.095  INFO 9632 --- [restartedMain] j.LocalContainerEntityManagerFactoryBean : Initialized JPA EntityManagerFactory for persistence unit 'default'
2024-12-22 01:50:00.163  WARN 9632 --- [restartedMain] JpaBaseConfiguration$JpaWebConfiguration : spring.jpa.open-in-view is enabled by default. Therefore, database queries may be performed during view rendering. Explicitly configure spring.jpa.open-in-view to disable this warning
2024-12-22 01:50:01.521  WARN 9632 --- [restartedMain] o.s.b.d.a.OptionalLiveReloadServer       : Unable to start LiveReload server
2024-12-22 01:50:02.249  INFO 9632 --- [restartedMain] DiscoveryClientOptionalArgsConfiguration : Eureka HTTP Client uses RestTemplate.
2024-12-22 01:50:03.041  WARN 9632 --- [restartedMain] iguration$LoadBalancerCaffeineWarnLogger : Spring Cloud LoadBalancer is currently working with the default cache. While this cache implementation is useful for development and tests, it's recommended to use Caffeine cache in production.You can switch to using Caffeine cache, by adding it and org.springframework.cache.caffeine.CaffeineCacheManager to the classpath.
2024-12-22 01:50:03.181  INFO 9632 --- [restartedMain] o.s.b.w.embedded.tomcat.TomcatWebServer  : Tomcat started on port(s): 52552 (http) with context path ''
2024-12-22 01:50:03.183  INFO 9632 --- [restartedMain] .s.c.n.e.s.EurekaAutoServiceRegistration : Updating port to 52552
2024-12-22 01:50:03.192  INFO 9632 --- [restartedMain] o.s.c.n.eureka.InstanceInfoFactory       : Setting initial instance status as: STARTING
2024-12-22 01:50:03.371  INFO 9632 --- [restartedMain] com.netflix.discovery.DiscoveryClient    : Initializing Eureka in region us-east-1
2024-12-22 01:50:03.378  INFO 9632 --- [restartedMain] c.n.d.s.r.aws.ConfigClusterResolver      : Resolving eureka endpoints via configuration
2024-12-22 01:50:03.418  INFO 9632 --- [restartedMain] com.netflix.discovery.DiscoveryClient    : Disable delta property : false
2024-12-22 01:50:03.418  INFO 9632 --- [restartedMain] com.netflix.discovery.DiscoveryClient    : Single vip registry refresh property : null
2024-12-22 01:50:03.419  INFO 9632 --- [restartedMain] com.netflix.discovery.DiscoveryClient    : Force full registry fetch : false
2024-12-22 01:50:03.419  INFO 9632 --- [restartedMain] com.netflix.discovery.DiscoveryClient    : Application is null : false
2024-12-22 01:50:03.419  INFO 9632 --- [restartedMain] com.netflix.discovery.DiscoveryClient    : Registered Applications size is zero : true
2024-12-22 01:50:03.419  INFO 9632 --- [restartedMain] com.netflix.discovery.DiscoveryClient    : Application version is -1: true
2024-12-22 01:50:03.419  INFO 9632 --- [restartedMain] com.netflix.discovery.DiscoveryClient    : Getting all instance registry info from the eureka server
2024-12-22 01:50:04.069  INFO 9632 --- [restartedMain] com.netflix.discovery.DiscoveryClient    : The response status is 200
2024-12-22 01:50:04.073  INFO 9632 --- [restartedMain] com.netflix.discovery.DiscoveryClient    : Starting heartbeat executor: renew interval is: 30
2024-12-22 01:50:04.077  INFO 9632 --- [restartedMain] c.n.discovery.InstanceInfoReplicator     : InstanceInfoReplicator onDemand update allowed rate per min is 4
2024-12-22 01:50:04.088  INFO 9632 --- [restartedMain] com.netflix.discovery.DiscoveryClient    : Discovery Client initialized at timestamp 1734843004085 with initial instances count: 2
2024-12-22 01:50:04.095  INFO 9632 --- [restartedMain] o.s.c.n.e.s.EurekaServiceRegistry        : Registering application MSCARTOES with eureka with status UP
2024-12-22 01:50:04.096  INFO 9632 --- [restartedMain] com.netflix.discovery.DiscoveryClient    : Saw local status change event StatusChangeEvent [timestamp=1734843004096, current=UP, previous=STARTING]
2024-12-22 01:50:04.099  INFO 9632 --- [DiscoveryClient-InstanceInfoReplicator-0] com.netflix.discovery.DiscoveryClient    : DiscoveryClient_MSCARTOES/mscartoes:118d206bdf4b9ea2880015bc2c49fe68: registering service...
2024-12-22 01:50:04.321  INFO 9632 --- [DiscoveryClient-InstanceInfoReplicator-0] com.netflix.discovery.DiscoveryClient    : DiscoveryClient_MSCARTOES/mscartoes:118d206bdf4b9ea2880015bc2c49fe68 - registration status: 204
2024-12-22 01:50:04.773  INFO 9632 --- [restartedMain] o.s.a.r.c.CachingConnectionFactory       : Attempting to connect to: [localhost:5672]
2024-12-22 01:50:05.067  INFO 9632 --- [restartedMain] o.s.a.r.c.CachingConnectionFactory       : Created new connection: rabbitConnectionFactory#24ebe63d:0/SimpleConnection@2bbfef5d [delegate=amqp://guest@127.0.0.1:5672/, localPort= 52555]
2024-12-22 01:50:05.220  INFO 9632 --- [restartedMain] c.dandy.mscartoes.MscartoesApplication   : Started MscartoesApplication in 20.399 seconds (JVM running for 22.33)
2024-12-22 01:50:29.458  INFO 9632 --- [http-nio-auto-1-exec-1] o.a.c.c.C.[Tomcat].[localhost].[/]       : Initializing Spring DispatcherServlet 'dispatcherServlet'
2024-12-22 01:50:29.459  INFO 9632 --- [http-nio-auto-1-exec-1] o.s.web.servlet.DispatcherServlet        : Initializing Servlet 'dispatcherServlet'
2024-12-22 01:50:29.462  INFO 9632 --- [http-nio-auto-1-exec-1] o.s.web.servlet.DispatcherServlet        : Completed initialization in 3 ms
2024-12-22 01:52:15.764  INFO 9632 --- [SpringApplicationShutdownHook] o.s.c.n.e.s.EurekaServiceRegistry        : Unregistering application MSCARTOES with eureka with status DOWN
2024-12-22 01:52:15.765  INFO 9632 --- [SpringApplicationShutdownHook] com.netflix.discovery.DiscoveryClient    : Saw local status change event StatusChangeEvent [timestamp=1734843135765, current=DOWN, previous=UP]
2024-12-22 01:52:15.765  INFO 9632 --- [DiscoveryClient-InstanceInfoReplicator-0] com.netflix.discovery.DiscoveryClient    : DiscoveryClient_MSCARTOES/mscartoes:118d206bdf4b9ea2880015bc2c49fe68: registering service...
2024-12-22 01:52:15.772  INFO 9632 --- [DiscoveryClient-InstanceInfoReplicator-0] com.netflix.discovery.DiscoveryClient    : DiscoveryClient_MSCARTOES/mscartoes:118d206bdf4b9ea2880015bc2c49fe68 - registration status: 204
2024-12-22 01:52:15.773  INFO 9632 --- [SpringApplicationShutdownHook] o.s.a.r.l.SimpleMessageListenerContainer : Waiting for workers to finish.
2024-12-22 01:52:16.437  INFO 9632 --- [SpringApplicationShutdownHook] o.s.a.r.l.SimpleMessageListenerContainer : Successfully waited for workers to finish.
2024-12-22 01:52:16.479  INFO 9632 --- [SpringApplicationShutdownHook] j.LocalContainerEntityManagerFactoryBean : Closing JPA EntityManagerFactory for persistence unit 'default'
2024-12-22 01:52:16.480  INFO 9632 --- [SpringApplicationShutdownHook] .SchemaDropperImpl$DelayedDropActionImpl : HHH000477: Starting delayed evictData of schema as part of SessionFactory shut-down'
2024-12-22 01:52:16.713  WARN 9632 --- [SpringApplicationShutdownHook] o.s.b.f.support.DisposableBeanAdapter    : Invocation of destroy method failed on bean with name 'inMemoryDatabaseShutdownExecutor': org.h2.jdbc.JdbcSQLNonTransientConnectionException: Database is already closed (to disable automatic closing at VM shutdown, add ";DB_CLOSE_ON_EXIT=FALSE" to the db URL) [90121-200]
2024-12-22 01:52:16.714  INFO 9632 --- [SpringApplicationShutdownHook] com.zaxxer.hikari.HikariDataSource       : HikariPool-1 - Shutdown initiated...
2024-12-22 01:52:16.716  INFO 9632 --- [SpringApplicationShutdownHook] com.zaxxer.hikari.HikariDataSource       : HikariPool-1 - Shutdown completed.
2024-12-22 01:52:16.716  INFO 9632 --- [SpringApplicationShutdownHook] com.netflix.discovery.DiscoveryClient    : Shutting down DiscoveryClient ...
2024-12-22 01:52:19.724  INFO 9632 --- [SpringApplicationShutdownHook] com.netflix.discovery.DiscoveryClient    : Unregistering ...
2024-12-22 01:52:19.732  INFO 9632 --- [SpringApplicationShutdownHook] com.netflix.discovery.DiscoveryClient    : DiscoveryClient_MSCARTOES/mscartoes:118d206bdf4b9ea2880015bc2c49fe68 - deregister  status: 200
2024-12-22 01:52:19.742  INFO 9632 --- [SpringApplicationShutdownHook] com.netflix.discovery.DiscoveryClient    : Completed shut down of DiscoveryClient
2024-12-22 17:33:10.290  INFO 22872 --- [restartedMain] c.dandy.mscartoes.MscartoesApplication   : Starting MscartoesApplication using Java 17.0.6 on DESKTOP-O8M6F8V with PID 22872 (D:\desenvolvimento\udemy\Microservices-Mensageria-RabbitMQ-Keycloak\projeto\microservicos\mscartoes\target\classes started by ander in D:\desenvolvimento\udemy\Microservices-Mensageria-RabbitMQ-Keycloak\projeto\microservicos\mscartoes)
2024-12-22 17:33:10.292  INFO 22872 --- [restartedMain] c.dandy.mscartoes.MscartoesApplication   : No active profile set, falling back to 1 default profile: "default"
2024-12-22 17:33:10.366  INFO 22872 --- [restartedMain] .e.DevToolsPropertyDefaultsPostProcessor : Devtools property defaults active! Set 'spring.devtools.add-properties' to 'false' to disable
2024-12-22 17:33:10.367  INFO 22872 --- [restartedMain] .e.DevToolsPropertyDefaultsPostProcessor : For additional web related logging consider setting the 'logging.level.web' property to 'DEBUG'
2024-12-22 17:33:11.754  INFO 22872 --- [restartedMain] .s.d.r.c.RepositoryConfigurationDelegate : Bootstrapping Spring Data JPA repositories in DEFAULT mode.
2024-12-22 17:33:11.899  INFO 22872 --- [restartedMain] .s.d.r.c.RepositoryConfigurationDelegate : Finished Spring Data repository scanning in 134 ms. Found 2 JPA repository interfaces.
2024-12-22 17:33:12.305  INFO 22872 --- [restartedMain] o.s.cloud.context.scope.GenericScope     : BeanFactory id=062374ab-824b-3958-ba95-64ec1445e3bf
2024-12-22 17:33:13.178  INFO 22872 --- [restartedMain] o.s.b.w.embedded.tomcat.TomcatWebServer  : Tomcat initialized with port(s): 0 (http)
2024-12-22 17:33:13.180  INFO 22872 --- [restartedMain] o.a.catalina.core.AprLifecycleListener   : An older version [1.2.14] of the Apache Tomcat Native library is installed, while Tomcat recommends a minimum version of [1.2.30]
2024-12-22 17:33:13.180  INFO 22872 --- [restartedMain] o.a.catalina.core.AprLifecycleListener   : Loaded Apache Tomcat Native library [1.2.14] using APR version [1.6.2].
2024-12-22 17:33:13.180  INFO 22872 --- [restartedMain] o.a.catalina.core.AprLifecycleListener   : APR capabilities: IPv6 [true], sendfile [true], accept filters [false], random [true], UDS [false].
2024-12-22 17:33:13.180  INFO 22872 --- [restartedMain] o.a.catalina.core.AprLifecycleListener   : APR/OpenSSL configuration: useAprConnector [false], useOpenSSL [true]
2024-12-22 17:33:14.282  INFO 22872 --- [restartedMain] o.a.catalina.core.AprLifecycleListener   : OpenSSL successfully initialized [OpenSSL 1.0.2l  25 May 2017]
2024-12-22 17:33:14.294  INFO 22872 --- [restartedMain] o.apache.catalina.core.StandardService   : Starting service [Tomcat]
2024-12-22 17:33:14.294  INFO 22872 --- [restartedMain] org.apache.catalina.core.StandardEngine  : Starting Servlet engine: [Apache Tomcat/9.0.60]
2024-12-22 17:33:14.402  INFO 22872 --- [restartedMain] o.a.c.c.C.[Tomcat].[localhost].[/]       : Initializing Spring embedded WebApplicationContext
2024-12-22 17:33:14.403  INFO 22872 --- [restartedMain] w.s.c.ServletWebServerApplicationContext : Root WebApplicationContext: initialization completed in 4036 ms
2024-12-22 17:33:14.651  INFO 22872 --- [restartedMain] com.zaxxer.hikari.HikariDataSource       : HikariPool-1 - Starting...
2024-12-22 17:33:14.839  INFO 22872 --- [restartedMain] com.zaxxer.hikari.HikariDataSource       : HikariPool-1 - Start completed.
2024-12-22 17:33:14.858  INFO 22872 --- [restartedMain] o.s.b.a.h2.H2ConsoleAutoConfiguration    : H2 console available at '/h2-console'. Database available at 'jdbc:h2:mem:6e8a81ec-2dfa-4122-8916-7d72f43c18b2'
2024-12-22 17:33:15.139  INFO 22872 --- [restartedMain] o.hibernate.jpa.internal.util.LogHelper  : HHH000204: Processing PersistenceUnitInfo [name: default]
2024-12-22 17:33:15.217  INFO 22872 --- [restartedMain] org.hibernate.Version                    : HHH000412: Hibernate ORM core version 5.6.7.Final
2024-12-22 17:33:15.424  INFO 22872 --- [restartedMain] o.hibernate.annotations.common.Version   : HCANN000001: Hibernate Commons Annotations {5.1.2.Final}
2024-12-22 17:33:15.572  INFO 22872 --- [restartedMain] org.hibernate.dialect.Dialect            : HHH000400: Using dialect: org.hibernate.dialect.H2Dialect
2024-12-22 17:33:16.372  INFO 22872 --- [restartedMain] o.h.e.t.j.p.i.JtaPlatformInitiator       : HHH000490: Using JtaPlatform implementation: [org.hibernate.engine.transaction.jta.platform.internal.NoJtaPlatform]
2024-12-22 17:33:16.383  INFO 22872 --- [restartedMain] j.LocalContainerEntityManagerFactoryBean : Initialized JPA EntityManagerFactory for persistence unit 'default'
2024-12-22 17:33:17.204  WARN 22872 --- [restartedMain] JpaBaseConfiguration$JpaWebConfiguration : spring.jpa.open-in-view is enabled by default. Therefore, database queries may be performed during view rendering. Explicitly configure spring.jpa.open-in-view to disable this warning
2024-12-22 17:33:19.086  INFO 22872 --- [restartedMain] o.s.b.d.a.OptionalLiveReloadServer       : LiveReload server is running on port 35729
2024-12-22 17:33:19.460  INFO 22872 --- [restartedMain] DiscoveryClientOptionalArgsConfiguration : Eureka HTTP Client uses RestTemplate.
2024-12-22 17:33:19.587  WARN 22872 --- [restartedMain] iguration$LoadBalancerCaffeineWarnLogger : Spring Cloud LoadBalancer is currently working with the default cache. While this cache implementation is useful for development and tests, it's recommended to use Caffeine cache in production.You can switch to using Caffeine cache, by adding it and org.springframework.cache.caffeine.CaffeineCacheManager to the classpath.
2024-12-22 17:33:19.594  INFO 22872 --- [restartedMain] o.s.b.a.e.web.EndpointLinksResolver      : Exposing 17 endpoint(s) beneath base path '/actuator'
2024-12-22 17:33:19.765  INFO 22872 --- [restartedMain] o.s.b.w.embedded.tomcat.TomcatWebServer  : Tomcat started on port(s): 63952 (http) with context path ''
2024-12-22 17:33:19.768  INFO 22872 --- [restartedMain] .s.c.n.e.s.EurekaAutoServiceRegistration : Updating port to 63952
2024-12-22 17:33:19.778  INFO 22872 --- [restartedMain] o.s.c.n.eureka.InstanceInfoFactory       : Setting initial instance status as: STARTING
2024-12-22 17:33:19.947  INFO 22872 --- [restartedMain] com.netflix.discovery.DiscoveryClient    : Initializing Eureka in region us-east-1
2024-12-22 17:33:19.954  INFO 22872 --- [restartedMain] c.n.d.s.r.aws.ConfigClusterResolver      : Resolving eureka endpoints via configuration
2024-12-22 17:33:20.003  INFO 22872 --- [restartedMain] com.netflix.discovery.DiscoveryClient    : Disable delta property : false
2024-12-22 17:33:20.003  INFO 22872 --- [restartedMain] com.netflix.discovery.DiscoveryClient    : Single vip registry refresh property : null
2024-12-22 17:33:20.004  INFO 22872 --- [restartedMain] com.netflix.discovery.DiscoveryClient    : Force full registry fetch : false
2024-12-22 17:33:20.004  INFO 22872 --- [restartedMain] com.netflix.discovery.DiscoveryClient    : Application is null : false
2024-12-22 17:33:20.004  INFO 22872 --- [restartedMain] com.netflix.discovery.DiscoveryClient    : Registered Applications size is zero : true
2024-12-22 17:33:20.004  INFO 22872 --- [restartedMain] com.netflix.discovery.DiscoveryClient    : Application version is -1: true
2024-12-22 17:33:20.004  INFO 22872 --- [restartedMain] com.netflix.discovery.DiscoveryClient    : Getting all instance registry info from the eureka server
2024-12-22 17:33:20.785  INFO 22872 --- [restartedMain] com.netflix.discovery.DiscoveryClient    : The response status is 200
2024-12-22 17:33:20.788  INFO 22872 --- [restartedMain] com.netflix.discovery.DiscoveryClient    : Starting heartbeat executor: renew interval is: 30
2024-12-22 17:33:20.792  INFO 22872 --- [restartedMain] c.n.discovery.InstanceInfoReplicator     : InstanceInfoReplicator onDemand update allowed rate per min is 4
2024-12-22 17:33:20.800  INFO 22872 --- [restartedMain] com.netflix.discovery.DiscoveryClient    : Discovery Client initialized at timestamp 1734899600798 with initial instances count: 0
2024-12-22 17:33:20.803  INFO 22872 --- [restartedMain] o.s.c.n.e.s.EurekaServiceRegistry        : Registering application MSCARTOES with eureka with status UP
2024-12-22 17:33:20.805  INFO 22872 --- [restartedMain] com.netflix.discovery.DiscoveryClient    : Saw local status change event StatusChangeEvent [timestamp=1734899600805, current=UP, previous=STARTING]
2024-12-22 17:33:20.807  INFO 22872 --- [DiscoveryClient-InstanceInfoReplicator-0] com.netflix.discovery.DiscoveryClient    : DiscoveryClient_MSCARTOES/mscartoes:6cdecab5f6e99915e7fe261b429dc851: registering service...
2024-12-22 17:33:21.214  INFO 22872 --- [DiscoveryClient-InstanceInfoReplicator-0] com.netflix.discovery.DiscoveryClient    : DiscoveryClient_MSCARTOES/mscartoes:6cdecab5f6e99915e7fe261b429dc851 - registration status: 204
2024-12-22 17:33:21.255  INFO 22872 --- [restartedMain] o.s.a.r.c.CachingConnectionFactory       : Attempting to connect to: [localhost:5672]
2024-12-22 17:33:21.266  INFO 22872 --- [restartedMain] o.s.a.r.l.SimpleMessageListenerContainer : Broker not available; cannot force queue declarations during start: java.net.ConnectException: Connection refused: no further information
2024-12-22 17:33:21.279  INFO 22872 --- [org.springframework.amqp.rabbit.RabbitListenerEndpointContainer#0-1] o.s.a.r.c.CachingConnectionFactory       : Attempting to connect to: [localhost:5672]
2024-12-22 17:33:21.315  INFO 22872 --- [restartedMain] c.dandy.mscartoes.MscartoesApplication   : Started MscartoesApplication in 11.864 seconds (JVM running for 13.023)
2024-12-22 17:33:26.348  WARN 22872 --- [org.springframework.amqp.rabbit.RabbitListenerEndpointContainer#0-1] o.s.a.r.l.SimpleMessageListenerContainer : Consumer raised exception, processing can restart if the connection factory supports it. Exception summary: org.springframework.amqp.AmqpConnectException: java.net.ConnectException: Connection refused: no further information
2024-12-22 17:33:26.350  INFO 22872 --- [org.springframework.amqp.rabbit.RabbitListenerEndpointContainer#0-1] o.s.a.r.l.SimpleMessageListenerContainer : Restarting Consumer@72bc7cd4: tags=[[]], channel=null, acknowledgeMode=AUTO local queue size=0
2024-12-22 17:33:26.353  INFO 22872 --- [org.springframework.amqp.rabbit.RabbitListenerEndpointContainer#0-2] o.s.a.r.c.CachingConnectionFactory       : Attempting to connect to: [localhost:5672]
2024-12-22 17:33:31.461  WARN 22872 --- [org.springframework.amqp.rabbit.RabbitListenerEndpointContainer#0-2] o.s.a.r.l.SimpleMessageListenerContainer : Consumer raised exception, processing can restart if the connection factory supports it. Exception summary: org.springframework.amqp.AmqpConnectException: java.net.ConnectException: Connection refused: no further information
2024-12-22 17:33:31.461  INFO 22872 --- [org.springframework.amqp.rabbit.RabbitListenerEndpointContainer#0-2] o.s.a.r.l.SimpleMessageListenerContainer : Restarting Consumer@35e29bf2: tags=[[]], channel=null, acknowledgeMode=AUTO local queue size=0
2024-12-22 17:33:31.462  INFO 22872 --- [org.springframework.amqp.rabbit.RabbitListenerEndpointContainer#0-3] o.s.a.r.c.CachingConnectionFactory       : Attempting to connect to: [localhost:5672]
2024-12-22 17:33:36.561  WARN 22872 --- [org.springframework.amqp.rabbit.RabbitListenerEndpointContainer#0-3] o.s.a.r.l.SimpleMessageListenerContainer : Consumer raised exception, processing can restart if the connection factory supports it. Exception summary: org.springframework.amqp.AmqpConnectException: java.net.ConnectException: Connection refused: no further information
2024-12-22 17:33:36.561  INFO 22872 --- [org.springframework.amqp.rabbit.RabbitListenerEndpointContainer#0-3] o.s.a.r.l.SimpleMessageListenerContainer : Restarting Consumer@3224d30b: tags=[[]], channel=null, acknowledgeMode=AUTO local queue size=0
2024-12-22 17:33:36.562  INFO 22872 --- [org.springframework.amqp.rabbit.RabbitListenerEndpointContainer#0-4] o.s.a.r.c.CachingConnectionFactory       : Attempting to connect to: [localhost:5672]
2024-12-22 17:33:41.683  WARN 22872 --- [org.springframework.amqp.rabbit.RabbitListenerEndpointContainer#0-4] o.s.a.r.l.SimpleMessageListenerContainer : Consumer raised exception, processing can restart if the connection factory supports it. Exception summary: org.springframework.amqp.AmqpConnectException: java.net.ConnectException: Connection refused: no further information
2024-12-22 17:33:41.683  INFO 22872 --- [org.springframework.amqp.rabbit.RabbitListenerEndpointContainer#0-4] o.s.a.r.l.SimpleMessageListenerContainer : Restarting Consumer@70392bd0: tags=[[]], channel=null, acknowledgeMode=AUTO local queue size=0
2024-12-22 17:33:41.687  INFO 22872 --- [org.springframework.amqp.rabbit.RabbitListenerEndpointContainer#0-5] o.s.a.r.c.CachingConnectionFactory       : Attempting to connect to: [localhost:5672]
2024-12-22 17:33:46.790  WARN 22872 --- [org.springframework.amqp.rabbit.RabbitListenerEndpointContainer#0-5] o.s.a.r.l.SimpleMessageListenerContainer : Consumer raised exception, processing can restart if the connection factory supports it. Exception summary: org.springframework.amqp.AmqpConnectException: java.net.ConnectException: Connection refused: no further information
2024-12-22 17:33:46.791  INFO 22872 --- [org.springframework.amqp.rabbit.RabbitListenerEndpointContainer#0-5] o.s.a.r.l.SimpleMessageListenerContainer : Restarting Consumer@c02a471: tags=[[]], channel=null, acknowledgeMode=AUTO local queue size=0
2024-12-22 17:33:46.792  INFO 22872 --- [org.springframework.amqp.rabbit.RabbitListenerEndpointContainer#0-6] o.s.a.r.c.CachingConnectionFactory       : Attempting to connect to: [localhost:5672]
2024-12-22 17:33:50.800  INFO 22872 --- [DiscoveryClient-CacheRefreshExecutor-0] com.netflix.discovery.DiscoveryClient    : Disable delta property : false
2024-12-22 17:33:50.801  INFO 22872 --- [DiscoveryClient-CacheRefreshExecutor-0] com.netflix.discovery.DiscoveryClient    : Single vip registry refresh property : null
2024-12-22 17:33:50.802  INFO 22872 --- [DiscoveryClient-CacheRefreshExecutor-0] com.netflix.discovery.DiscoveryClient    : Force full registry fetch : false
2024-12-22 17:33:50.803  INFO 22872 --- [DiscoveryClient-CacheRefreshExecutor-0] com.netflix.discovery.DiscoveryClient    : Application is null : false
2024-12-22 17:33:50.804  INFO 22872 --- [DiscoveryClient-CacheRefreshExecutor-0] com.netflix.discovery.DiscoveryClient    : Registered Applications size is zero : true
2024-12-22 17:33:50.805  INFO 22872 --- [DiscoveryClient-CacheRefreshExecutor-0] com.netflix.discovery.DiscoveryClient    : Application version is -1: false
2024-12-22 17:33:50.806  INFO 22872 --- [DiscoveryClient-CacheRefreshExecutor-0] com.netflix.discovery.DiscoveryClient    : Getting all instance registry info from the eureka server
2024-12-22 17:33:50.833  INFO 22872 --- [DiscoveryClient-CacheRefreshExecutor-0] com.netflix.discovery.DiscoveryClient    : The response status is 200
2024-12-22 17:33:51.885  WARN 22872 --- [org.springframework.amqp.rabbit.RabbitListenerEndpointContainer#0-6] o.s.a.r.l.SimpleMessageListenerContainer : Consumer raised exception, processing can restart if the connection factory supports it. Exception summary: org.springframework.amqp.AmqpConnectException: java.net.ConnectException: Connection refused: no further information
2024-12-22 17:33:51.887  INFO 22872 --- [org.springframework.amqp.rabbit.RabbitListenerEndpointContainer#0-6] o.s.a.r.l.SimpleMessageListenerContainer : Restarting Consumer@68d6ac86: tags=[[]], channel=null, acknowledgeMode=AUTO local queue size=0
2024-12-22 17:33:51.890  INFO 22872 --- [org.springframework.amqp.rabbit.RabbitListenerEndpointContainer#0-7] o.s.a.r.c.CachingConnectionFactory       : Attempting to connect to: [localhost:5672]
2024-12-22 17:33:56.974  WARN 22872 --- [org.springframework.amqp.rabbit.RabbitListenerEndpointContainer#0-7] o.s.a.r.l.SimpleMessageListenerContainer : Consumer raised exception, processing can restart if the connection factory supports it. Exception summary: org.springframework.amqp.AmqpConnectException: java.net.ConnectException: Connection refused: no further information
2024-12-22 17:33:56.974  INFO 22872 --- [org.springframework.amqp.rabbit.RabbitListenerEndpointContainer#0-7] o.s.a.r.l.SimpleMessageListenerContainer : Restarting Consumer@5c2b74a3: tags=[[]], channel=null, acknowledgeMode=AUTO local queue size=0
2024-12-22 17:33:56.975  INFO 22872 --- [org.springframework.amqp.rabbit.RabbitListenerEndpointContainer#0-8] o.s.a.r.c.CachingConnectionFactory       : Attempting to connect to: [localhost:5672]
2024-12-22 17:34:02.101  WARN 22872 --- [org.springframework.amqp.rabbit.RabbitListenerEndpointContainer#0-8] o.s.a.r.l.SimpleMessageListenerContainer : Consumer raised exception, processing can restart if the connection factory supports it. Exception summary: org.springframework.amqp.AmqpConnectException: java.net.ConnectException: Connection refused: no further information
2024-12-22 17:34:02.101  INFO 22872 --- [org.springframework.amqp.rabbit.RabbitListenerEndpointContainer#0-8] o.s.a.r.l.SimpleMessageListenerContainer : Restarting Consumer@e97d46e: tags=[[]], channel=null, acknowledgeMode=AUTO local queue size=0
2024-12-22 17:34:02.101  INFO 22872 --- [org.springframework.amqp.rabbit.RabbitListenerEndpointContainer#0-9] o.s.a.r.c.CachingConnectionFactory       : Attempting to connect to: [localhost:5672]
2024-12-22 17:34:07.241  WARN 22872 --- [org.springframework.amqp.rabbit.RabbitListenerEndpointContainer#0-9] o.s.a.r.l.SimpleMessageListenerContainer : Consumer raised exception, processing can restart if the connection factory supports it. Exception summary: org.springframework.amqp.AmqpConnectException: java.net.ConnectException: Connection refused: no further information
2024-12-22 17:34:07.241  INFO 22872 --- [org.springframework.amqp.rabbit.RabbitListenerEndpointContainer#0-9] o.s.a.r.l.SimpleMessageListenerContainer : Restarting Consumer@52e07816: tags=[[]], channel=null, acknowledgeMode=AUTO local queue size=0
2024-12-22 17:34:07.244  INFO 22872 --- [org.springframework.amqp.rabbit.RabbitListenerEndpointContainer#0-10] o.s.a.r.c.CachingConnectionFactory       : Attempting to connect to: [localhost:5672]
2024-12-22 17:34:12.421  WARN 22872 --- [org.springframework.amqp.rabbit.RabbitListenerEndpointContainer#0-10] o.s.a.r.l.SimpleMessageListenerContainer : Consumer raised exception, processing can restart if the connection factory supports it. Exception summary: org.springframework.amqp.AmqpConnectException: java.net.ConnectException: Connection refused: no further information
2024-12-22 17:34:12.421  INFO 22872 --- [org.springframework.amqp.rabbit.RabbitListenerEndpointContainer#0-10] o.s.a.r.l.SimpleMessageListenerContainer : Restarting Consumer@189c7ecb: tags=[[]], channel=null, acknowledgeMode=AUTO local queue size=0
2024-12-22 17:34:12.421  INFO 22872 --- [org.springframework.amqp.rabbit.RabbitListenerEndpointContainer#0-11] o.s.a.r.c.CachingConnectionFactory       : Attempting to connect to: [localhost:5672]
2024-12-22 17:34:17.520  WARN 22872 --- [org.springframework.amqp.rabbit.RabbitListenerEndpointContainer#0-11] o.s.a.r.l.SimpleMessageListenerContainer : Consumer raised exception, processing can restart if the connection factory supports it. Exception summary: org.springframework.amqp.AmqpConnectException: java.net.ConnectException: Connection refused: no further information
2024-12-22 17:34:17.520  INFO 22872 --- [org.springframework.amqp.rabbit.RabbitListenerEndpointContainer#0-11] o.s.a.r.l.SimpleMessageListenerContainer : Restarting Consumer@76e05651: tags=[[]], channel=null, acknowledgeMode=AUTO local queue size=0
2024-12-22 17:34:17.521  INFO 22872 --- [org.springframework.amqp.rabbit.RabbitListenerEndpointContainer#0-12] o.s.a.r.c.CachingConnectionFactory       : Attempting to connect to: [localhost:5672]
2024-12-22 17:34:22.626  WARN 22872 --- [org.springframework.amqp.rabbit.RabbitListenerEndpointContainer#0-12] o.s.a.r.l.SimpleMessageListenerContainer : Consumer raised exception, processing can restart if the connection factory supports it. Exception summary: org.springframework.amqp.AmqpConnectException: java.net.ConnectException: Connection refused: no further information
2024-12-22 17:34:22.626  INFO 22872 --- [org.springframework.amqp.rabbit.RabbitListenerEndpointContainer#0-12] o.s.a.r.l.SimpleMessageListenerContainer : Restarting Consumer@7a29110b: tags=[[]], channel=null, acknowledgeMode=AUTO local queue size=0
2024-12-22 17:34:22.627  INFO 22872 --- [org.springframework.amqp.rabbit.RabbitListenerEndpointContainer#0-13] o.s.a.r.c.CachingConnectionFactory       : Attempting to connect to: [localhost:5672]
2024-12-22 17:34:27.699  WARN 22872 --- [org.springframework.amqp.rabbit.RabbitListenerEndpointContainer#0-13] o.s.a.r.l.SimpleMessageListenerContainer : Consumer raised exception, processing can restart if the connection factory supports it. Exception summary: org.springframework.amqp.AmqpConnectException: java.net.ConnectException: Connection refused: no further information
2024-12-22 17:34:27.699  INFO 22872 --- [org.springframework.amqp.rabbit.RabbitListenerEndpointContainer#0-13] o.s.a.r.l.SimpleMessageListenerContainer : Restarting Consumer@47689bf6: tags=[[]], channel=null, acknowledgeMode=AUTO local queue size=0
2024-12-22 17:34:27.699  INFO 22872 --- [org.springframework.amqp.rabbit.RabbitListenerEndpointContainer#0-14] o.s.a.r.c.CachingConnectionFactory       : Attempting to connect to: [localhost:5672]
2024-12-22 17:34:32.760  WARN 22872 --- [org.springframework.amqp.rabbit.RabbitListenerEndpointContainer#0-14] o.s.a.r.l.SimpleMessageListenerContainer : Consumer raised exception, processing can restart if the connection factory supports it. Exception summary: org.springframework.amqp.AmqpConnectException: java.net.ConnectException: Connection refused: no further information
2024-12-22 17:34:32.760  INFO 22872 --- [org.springframework.amqp.rabbit.RabbitListenerEndpointContainer#0-14] o.s.a.r.l.SimpleMessageListenerContainer : Restarting Consumer@523fdd07: tags=[[]], channel=null, acknowledgeMode=AUTO local queue size=0
2024-12-22 17:34:32.760  INFO 22872 --- [org.springframework.amqp.rabbit.RabbitListenerEndpointContainer#0-15] o.s.a.r.c.CachingConnectionFactory       : Attempting to connect to: [localhost:5672]
2024-12-22 17:34:34.597  INFO 22872 --- [SpringApplicationShutdownHook] o.s.c.n.e.s.EurekaServiceRegistry        : Unregistering application MSCARTOES with eureka with status DOWN
2024-12-22 17:34:34.597  INFO 22872 --- [SpringApplicationShutdownHook] com.netflix.discovery.DiscoveryClient    : Saw local status change event StatusChangeEvent [timestamp=1734899674597, current=DOWN, previous=UP]
2024-12-22 17:34:34.597  INFO 22872 --- [DiscoveryClient-InstanceInfoReplicator-0] com.netflix.discovery.DiscoveryClient    : DiscoveryClient_MSCARTOES/mscartoes:6cdecab5f6e99915e7fe261b429dc851: registering service...
2024-12-22 17:34:34.600  INFO 22872 --- [SpringApplicationShutdownHook] o.s.a.r.l.SimpleMessageListenerContainer : Waiting for workers to finish.
2024-12-22 17:34:34.600  INFO 22872 --- [SpringApplicationShutdownHook] o.s.a.r.l.SimpleMessageListenerContainer : Successfully waited for workers to finish.
2024-12-22 17:34:34.608  INFO 22872 --- [DiscoveryClient-InstanceInfoReplicator-0] com.netflix.discovery.DiscoveryClient    : DiscoveryClient_MSCARTOES/mscartoes:6cdecab5f6e99915e7fe261b429dc851 - registration status: 204
2024-12-22 17:34:34.642  INFO 22872 --- [SpringApplicationShutdownHook] j.LocalContainerEntityManagerFactoryBean : Closing JPA EntityManagerFactory for persistence unit 'default'
2024-12-22 17:34:34.643  INFO 22872 --- [SpringApplicationShutdownHook] .SchemaDropperImpl$DelayedDropActionImpl : HHH000477: Starting delayed evictData of schema as part of SessionFactory shut-down'
2024-12-22 17:34:34.872  WARN 22872 --- [SpringApplicationShutdownHook] o.s.b.f.support.DisposableBeanAdapter    : Invocation of destroy method failed on bean with name 'inMemoryDatabaseShutdownExecutor': org.h2.jdbc.JdbcSQLNonTransientConnectionException: Database is already closed (to disable automatic closing at VM shutdown, add ";DB_CLOSE_ON_EXIT=FALSE" to the db URL) [90121-200]
2024-12-22 17:34:34.873  INFO 22872 --- [SpringApplicationShutdownHook] com.zaxxer.hikari.HikariDataSource       : HikariPool-1 - Shutdown initiated...
2024-12-22 17:34:34.876  INFO 22872 --- [SpringApplicationShutdownHook] com.zaxxer.hikari.HikariDataSource       : HikariPool-1 - Shutdown completed.
2024-12-22 17:34:34.878  INFO 22872 --- [SpringApplicationShutdownHook] com.netflix.discovery.DiscoveryClient    : Shutting down DiscoveryClient ...
2024-12-22 17:34:37.888  INFO 22872 --- [SpringApplicationShutdownHook] com.netflix.discovery.DiscoveryClient    : Unregistering ...
2024-12-22 17:34:37.901  INFO 22872 --- [SpringApplicationShutdownHook] com.netflix.discovery.DiscoveryClient    : DiscoveryClient_MSCARTOES/mscartoes:6cdecab5f6e99915e7fe261b429dc851 - deregister  status: 200
2024-12-22 17:34:37.909  INFO 22872 --- [SpringApplicationShutdownHook] com.netflix.discovery.DiscoveryClient    : Completed shut down of DiscoveryClient
2024-12-22 17:54:04.048  INFO 13848 --- [restartedMain] c.dandy.mscartoes.MscartoesApplication   : Starting MscartoesApplication using Java 17.0.6 on DESKTOP-O8M6F8V with PID 13848 (D:\desenvolvimento\udemy\Microservices-Mensageria-RabbitMQ-Keycloak\projeto\microservicos\mscartoes\target\classes started by ander in D:\desenvolvimento\udemy\Microservices-Mensageria-RabbitMQ-Keycloak\projeto\microservicos\mscartoes)
2024-12-22 17:54:04.051  INFO 13848 --- [restartedMain] c.dandy.mscartoes.MscartoesApplication   : No active profile set, falling back to 1 default profile: "default"
2024-12-22 17:54:04.161  INFO 13848 --- [restartedMain] .e.DevToolsPropertyDefaultsPostProcessor : Devtools property defaults active! Set 'spring.devtools.add-properties' to 'false' to disable
2024-12-22 17:54:04.161  INFO 13848 --- [restartedMain] .e.DevToolsPropertyDefaultsPostProcessor : For additional web related logging consider setting the 'logging.level.web' property to 'DEBUG'
2024-12-22 17:54:06.077  INFO 13848 --- [restartedMain] .s.d.r.c.RepositoryConfigurationDelegate : Bootstrapping Spring Data JPA repositories in DEFAULT mode.
2024-12-22 17:54:06.304  INFO 13848 --- [restartedMain] .s.d.r.c.RepositoryConfigurationDelegate : Finished Spring Data repository scanning in 210 ms. Found 2 JPA repository interfaces.
2024-12-22 17:54:06.804  INFO 13848 --- [restartedMain] o.s.cloud.context.scope.GenericScope     : BeanFactory id=062374ab-824b-3958-ba95-64ec1445e3bf
2024-12-22 17:54:07.982  INFO 13848 --- [restartedMain] o.s.b.w.embedded.tomcat.TomcatWebServer  : Tomcat initialized with port(s): 0 (http)
2024-12-22 17:54:07.984  INFO 13848 --- [restartedMain] o.a.catalina.core.AprLifecycleListener   : An older version [1.2.14] of the Apache Tomcat Native library is installed, while Tomcat recommends a minimum version of [1.2.30]
2024-12-22 17:54:07.984  INFO 13848 --- [restartedMain] o.a.catalina.core.AprLifecycleListener   : Loaded Apache Tomcat Native library [1.2.14] using APR version [1.6.2].
2024-12-22 17:54:07.984  INFO 13848 --- [restartedMain] o.a.catalina.core.AprLifecycleListener   : APR capabilities: IPv6 [true], sendfile [true], accept filters [false], random [true], UDS [false].
2024-12-22 17:54:07.984  INFO 13848 --- [restartedMain] o.a.catalina.core.AprLifecycleListener   : APR/OpenSSL configuration: useAprConnector [false], useOpenSSL [true]
2024-12-22 17:54:09.063  INFO 13848 --- [restartedMain] o.a.catalina.core.AprLifecycleListener   : OpenSSL successfully initialized [OpenSSL 1.0.2l  25 May 2017]
2024-12-22 17:54:09.073  INFO 13848 --- [restartedMain] o.apache.catalina.core.StandardService   : Starting service [Tomcat]
2024-12-22 17:54:09.074  INFO 13848 --- [restartedMain] org.apache.catalina.core.StandardEngine  : Starting Servlet engine: [Apache Tomcat/9.0.60]
2024-12-22 17:54:09.194  INFO 13848 --- [restartedMain] o.a.c.c.C.[Tomcat].[localhost].[/]       : Initializing Spring embedded WebApplicationContext
2024-12-22 17:54:09.194  INFO 13848 --- [restartedMain] w.s.c.ServletWebServerApplicationContext : Root WebApplicationContext: initialization completed in 5031 ms
2024-12-22 17:54:09.428  INFO 13848 --- [restartedMain] com.zaxxer.hikari.HikariDataSource       : HikariPool-1 - Starting...
2024-12-22 17:54:09.673  INFO 13848 --- [restartedMain] com.zaxxer.hikari.HikariDataSource       : HikariPool-1 - Start completed.
2024-12-22 17:54:09.698  INFO 13848 --- [restartedMain] o.s.b.a.h2.H2ConsoleAutoConfiguration    : H2 console available at '/h2-console'. Database available at 'jdbc:h2:mem:258481b2-1262-45f7-a6e1-bc0230d986ca'
2024-12-22 17:54:10.048  INFO 13848 --- [restartedMain] o.hibernate.jpa.internal.util.LogHelper  : HHH000204: Processing PersistenceUnitInfo [name: default]
2024-12-22 17:54:10.147  INFO 13848 --- [restartedMain] org.hibernate.Version                    : HHH000412: Hibernate ORM core version 5.6.7.Final
2024-12-22 17:54:10.415  INFO 13848 --- [restartedMain] o.hibernate.annotations.common.Version   : HCANN000001: Hibernate Commons Annotations {5.1.2.Final}
2024-12-22 17:54:10.609  INFO 13848 --- [restartedMain] org.hibernate.dialect.Dialect            : HHH000400: Using dialect: org.hibernate.dialect.H2Dialect
2024-12-22 17:54:11.566  INFO 13848 --- [restartedMain] o.h.e.t.j.p.i.JtaPlatformInitiator       : HHH000490: Using JtaPlatform implementation: [org.hibernate.engine.transaction.jta.platform.internal.NoJtaPlatform]
2024-12-22 17:54:11.581  INFO 13848 --- [restartedMain] j.LocalContainerEntityManagerFactoryBean : Initialized JPA EntityManagerFactory for persistence unit 'default'
2024-12-22 17:54:12.410  WARN 13848 --- [restartedMain] JpaBaseConfiguration$JpaWebConfiguration : spring.jpa.open-in-view is enabled by default. Therefore, database queries may be performed during view rendering. Explicitly configure spring.jpa.open-in-view to disable this warning
2024-12-22 17:54:14.291  INFO 13848 --- [restartedMain] o.s.b.d.a.OptionalLiveReloadServer       : LiveReload server is running on port 35729
2024-12-22 17:54:14.670  INFO 13848 --- [restartedMain] DiscoveryClientOptionalArgsConfiguration : Eureka HTTP Client uses RestTemplate.
2024-12-22 17:54:14.785  WARN 13848 --- [restartedMain] iguration$LoadBalancerCaffeineWarnLogger : Spring Cloud LoadBalancer is currently working with the default cache. While this cache implementation is useful for development and tests, it's recommended to use Caffeine cache in production.You can switch to using Caffeine cache, by adding it and org.springframework.cache.caffeine.CaffeineCacheManager to the classpath.
2024-12-22 17:54:14.792  INFO 13848 --- [restartedMain] o.s.b.a.e.web.EndpointLinksResolver      : Exposing 17 endpoint(s) beneath base path '/actuator'
2024-12-22 17:54:14.947  INFO 13848 --- [restartedMain] o.s.b.w.embedded.tomcat.TomcatWebServer  : Tomcat started on port(s): 53924 (http) with context path ''
2024-12-22 17:54:14.949  INFO 13848 --- [restartedMain] .s.c.n.e.s.EurekaAutoServiceRegistration : Updating port to 53924
2024-12-22 17:54:14.955  INFO 13848 --- [restartedMain] o.s.c.n.eureka.InstanceInfoFactory       : Setting initial instance status as: STARTING
2024-12-22 17:54:15.078  INFO 13848 --- [restartedMain] com.netflix.discovery.DiscoveryClient    : Initializing Eureka in region us-east-1
2024-12-22 17:54:15.084  INFO 13848 --- [restartedMain] c.n.d.s.r.aws.ConfigClusterResolver      : Resolving eureka endpoints via configuration
2024-12-22 17:54:15.118  INFO 13848 --- [restartedMain] com.netflix.discovery.DiscoveryClient    : Disable delta property : false
2024-12-22 17:54:15.118  INFO 13848 --- [restartedMain] com.netflix.discovery.DiscoveryClient    : Single vip registry refresh property : null
2024-12-22 17:54:15.118  INFO 13848 --- [restartedMain] com.netflix.discovery.DiscoveryClient    : Force full registry fetch : false
2024-12-22 17:54:15.118  INFO 13848 --- [restartedMain] com.netflix.discovery.DiscoveryClient    : Application is null : false
2024-12-22 17:54:15.119  INFO 13848 --- [restartedMain] com.netflix.discovery.DiscoveryClient    : Registered Applications size is zero : true
2024-12-22 17:54:15.119  INFO 13848 --- [restartedMain] com.netflix.discovery.DiscoveryClient    : Application version is -1: true
2024-12-22 17:54:15.119  INFO 13848 --- [restartedMain] com.netflix.discovery.DiscoveryClient    : Getting all instance registry info from the eureka server
2024-12-22 17:54:15.697  INFO 13848 --- [restartedMain] com.netflix.discovery.DiscoveryClient    : The response status is 200
2024-12-22 17:54:15.700  INFO 13848 --- [restartedMain] com.netflix.discovery.DiscoveryClient    : Starting heartbeat executor: renew interval is: 30
2024-12-22 17:54:15.704  INFO 13848 --- [restartedMain] c.n.discovery.InstanceInfoReplicator     : InstanceInfoReplicator onDemand update allowed rate per min is 4
2024-12-22 17:54:15.713  INFO 13848 --- [restartedMain] com.netflix.discovery.DiscoveryClient    : Discovery Client initialized at timestamp 1734900855711 with initial instances count: 0
2024-12-22 17:54:15.716  INFO 13848 --- [restartedMain] o.s.c.n.e.s.EurekaServiceRegistry        : Registering application MSCARTOES with eureka with status UP
2024-12-22 17:54:15.716  INFO 13848 --- [restartedMain] com.netflix.discovery.DiscoveryClient    : Saw local status change event StatusChangeEvent [timestamp=1734900855716, current=UP, previous=STARTING]
2024-12-22 17:54:15.718  INFO 13848 --- [DiscoveryClient-InstanceInfoReplicator-0] com.netflix.discovery.DiscoveryClient    : DiscoveryClient_MSCARTOES/mscartoes:d69937d39ffbf90f271ddd8e4ee00dc7: registering service...
2024-12-22 17:54:15.920  INFO 13848 --- [DiscoveryClient-InstanceInfoReplicator-0] com.netflix.discovery.DiscoveryClient    : DiscoveryClient_MSCARTOES/mscartoes:d69937d39ffbf90f271ddd8e4ee00dc7 - registration status: 204
2024-12-22 17:54:16.151  INFO 13848 --- [restartedMain] o.s.a.r.c.CachingConnectionFactory       : Attempting to connect to: [localhost:5672]
2024-12-22 17:54:16.160  INFO 13848 --- [restartedMain] o.s.a.r.l.SimpleMessageListenerContainer : Broker not available; cannot force queue declarations during start: java.net.ConnectException: Connection refused: no further information
2024-12-22 17:54:16.173  INFO 13848 --- [org.springframework.amqp.rabbit.RabbitListenerEndpointContainer#0-1] o.s.a.r.c.CachingConnectionFactory       : Attempting to connect to: [localhost:5672]
2024-12-22 17:54:16.208  INFO 13848 --- [restartedMain] c.dandy.mscartoes.MscartoesApplication   : Started MscartoesApplication in 13.064 seconds (JVM running for 13.942)
2024-12-22 17:54:21.260  WARN 13848 --- [org.springframework.amqp.rabbit.RabbitListenerEndpointContainer#0-1] o.s.a.r.l.SimpleMessageListenerContainer : Consumer raised exception, processing can restart if the connection factory supports it. Exception summary: org.springframework.amqp.AmqpConnectException: java.net.ConnectException: Connection refused: no further information
2024-12-22 17:54:21.268  INFO 13848 --- [org.springframework.amqp.rabbit.RabbitListenerEndpointContainer#0-1] o.s.a.r.l.SimpleMessageListenerContainer : Restarting Consumer@61144061: tags=[[]], channel=null, acknowledgeMode=AUTO local queue size=0
2024-12-22 17:54:21.273  INFO 13848 --- [org.springframework.amqp.rabbit.RabbitListenerEndpointContainer#0-2] o.s.a.r.c.CachingConnectionFactory       : Attempting to connect to: [localhost:5672]
2024-12-22 17:54:26.362  WARN 13848 --- [org.springframework.amqp.rabbit.RabbitListenerEndpointContainer#0-2] o.s.a.r.l.SimpleMessageListenerContainer : Consumer raised exception, processing can restart if the connection factory supports it. Exception summary: org.springframework.amqp.AmqpConnectException: java.net.ConnectException: Connection refused: no further information
2024-12-22 17:54:26.362  INFO 13848 --- [org.springframework.amqp.rabbit.RabbitListenerEndpointContainer#0-2] o.s.a.r.l.SimpleMessageListenerContainer : Restarting Consumer@743966b8: tags=[[]], channel=null, acknowledgeMode=AUTO local queue size=0
2024-12-22 17:54:26.363  INFO 13848 --- [org.springframework.amqp.rabbit.RabbitListenerEndpointContainer#0-3] o.s.a.r.c.CachingConnectionFactory       : Attempting to connect to: [localhost:5672]
2024-12-22 17:54:29.260  INFO 13848 --- [SpringApplicationShutdownHook] o.s.c.n.e.s.EurekaServiceRegistry        : Unregistering application MSCARTOES with eureka with status DOWN
2024-12-22 17:54:29.260  INFO 13848 --- [SpringApplicationShutdownHook] com.netflix.discovery.DiscoveryClient    : Saw local status change event StatusChangeEvent [timestamp=1734900869260, current=DOWN, previous=UP]
2024-12-22 17:54:29.262  INFO 13848 --- [DiscoveryClient-InstanceInfoReplicator-0] com.netflix.discovery.DiscoveryClient    : DiscoveryClient_MSCARTOES/mscartoes:d69937d39ffbf90f271ddd8e4ee00dc7: registering service...
2024-12-22 17:54:29.264  INFO 13848 --- [SpringApplicationShutdownHook] o.s.a.r.l.SimpleMessageListenerContainer : Waiting for workers to finish.
2024-12-22 17:54:29.265  INFO 13848 --- [SpringApplicationShutdownHook] o.s.a.r.l.SimpleMessageListenerContainer : Successfully waited for workers to finish.
2024-12-22 17:54:29.275  INFO 13848 --- [DiscoveryClient-InstanceInfoReplicator-0] com.netflix.discovery.DiscoveryClient    : DiscoveryClient_MSCARTOES/mscartoes:d69937d39ffbf90f271ddd8e4ee00dc7 - registration status: 204
2024-12-22 17:54:29.319  INFO 13848 --- [SpringApplicationShutdownHook] j.LocalContainerEntityManagerFactoryBean : Closing JPA EntityManagerFactory for persistence unit 'default'
2024-12-22 17:54:29.320  INFO 13848 --- [SpringApplicationShutdownHook] .SchemaDropperImpl$DelayedDropActionImpl : HHH000477: Starting delayed evictData of schema as part of SessionFactory shut-down'
2024-12-22 17:54:29.542  WARN 13848 --- [SpringApplicationShutdownHook] o.s.b.f.support.DisposableBeanAdapter    : Invocation of destroy method failed on bean with name 'inMemoryDatabaseShutdownExecutor': org.h2.jdbc.JdbcSQLNonTransientConnectionException: Database is already closed (to disable automatic closing at VM shutdown, add ";DB_CLOSE_ON_EXIT=FALSE" to the db URL) [90121-200]
2024-12-22 17:54:29.543  INFO 13848 --- [SpringApplicationShutdownHook] com.zaxxer.hikari.HikariDataSource       : HikariPool-1 - Shutdown initiated...
2024-12-22 17:54:29.545  INFO 13848 --- [SpringApplicationShutdownHook] com.zaxxer.hikari.HikariDataSource       : HikariPool-1 - Shutdown completed.
2024-12-22 17:54:29.547  INFO 13848 --- [SpringApplicationShutdownHook] com.netflix.discovery.DiscoveryClient    : Shutting down DiscoveryClient ...
2024-12-22 17:54:32.566  INFO 13848 --- [SpringApplicationShutdownHook] com.netflix.discovery.DiscoveryClient    : Unregistering ...
2024-12-22 17:54:32.589  INFO 13848 --- [SpringApplicationShutdownHook] com.netflix.discovery.DiscoveryClient    : DiscoveryClient_MSCARTOES/mscartoes:d69937d39ffbf90f271ddd8e4ee00dc7 - deregister  status: 200
2024-12-22 17:54:32.599  INFO 13848 --- [SpringApplicationShutdownHook] com.netflix.discovery.DiscoveryClient    : Completed shut down of DiscoveryClient
2024-12-30 15:18:57.713  INFO 9040 --- [restartedMain] c.dandy.mscartoes.MscartoesApplication   : Starting MscartoesApplication using Java 17.0.6 on DESKTOP-O8M6F8V with PID 9040 (D:\desenvolvimento\udemy\Microservices-Mensageria-RabbitMQ-Keycloak\projeto\microservicos\mscartoes\target\classes started by ander in D:\desenvolvimento\udemy\Microservices-Mensageria-RabbitMQ-Keycloak\projeto\microservicos\mscartoes)
2024-12-30 15:18:57.717  INFO 9040 --- [restartedMain] c.dandy.mscartoes.MscartoesApplication   : No active profile set, falling back to 1 default profile: "default"
2024-12-30 15:18:57.821  INFO 9040 --- [restartedMain] .e.DevToolsPropertyDefaultsPostProcessor : Devtools property defaults active! Set 'spring.devtools.add-properties' to 'false' to disable
2024-12-30 15:18:57.821  INFO 9040 --- [restartedMain] .e.DevToolsPropertyDefaultsPostProcessor : For additional web related logging consider setting the 'logging.level.web' property to 'DEBUG'
2024-12-30 15:18:59.881  INFO 9040 --- [restartedMain] .s.d.r.c.RepositoryConfigurationDelegate : Bootstrapping Spring Data JPA repositories in DEFAULT mode.
2024-12-30 15:19:00.145  INFO 9040 --- [restartedMain] .s.d.r.c.RepositoryConfigurationDelegate : Finished Spring Data repository scanning in 244 ms. Found 2 JPA repository interfaces.
2024-12-30 15:19:00.611  INFO 9040 --- [restartedMain] o.s.cloud.context.scope.GenericScope     : BeanFactory id=502f4bdc-df70-335a-bc6a-e36ade672a88
2024-12-30 15:19:01.939  INFO 9040 --- [restartedMain] o.s.b.w.embedded.tomcat.TomcatWebServer  : Tomcat initialized with port(s): 0 (http)
2024-12-30 15:19:01.943  INFO 9040 --- [restartedMain] o.a.catalina.core.AprLifecycleListener   : An older version [1.2.14] of the Apache Tomcat Native library is installed, while Tomcat recommends a minimum version of [1.2.30]
2024-12-30 15:19:01.943  INFO 9040 --- [restartedMain] o.a.catalina.core.AprLifecycleListener   : Loaded Apache Tomcat Native library [1.2.14] using APR version [1.6.2].
2024-12-30 15:19:01.943  INFO 9040 --- [restartedMain] o.a.catalina.core.AprLifecycleListener   : APR capabilities: IPv6 [true], sendfile [true], accept filters [false], random [true], UDS [false].
2024-12-30 15:19:01.944  INFO 9040 --- [restartedMain] o.a.catalina.core.AprLifecycleListener   : APR/OpenSSL configuration: useAprConnector [false], useOpenSSL [true]
2024-12-30 15:19:03.032  INFO 9040 --- [restartedMain] o.a.catalina.core.AprLifecycleListener   : OpenSSL successfully initialized [OpenSSL 1.0.2l  25 May 2017]
2024-12-30 15:19:03.042  INFO 9040 --- [restartedMain] o.apache.catalina.core.StandardService   : Starting service [Tomcat]
2024-12-30 15:19:03.042  INFO 9040 --- [restartedMain] org.apache.catalina.core.StandardEngine  : Starting Servlet engine: [Apache Tomcat/9.0.63]
2024-12-30 15:19:03.162  INFO 9040 --- [restartedMain] o.a.c.c.C.[Tomcat].[localhost].[/]       : Initializing Spring embedded WebApplicationContext
2024-12-30 15:19:03.163  INFO 9040 --- [restartedMain] w.s.c.ServletWebServerApplicationContext : Root WebApplicationContext: initialization completed in 5340 ms
2024-12-30 15:19:03.431  INFO 9040 --- [restartedMain] com.zaxxer.hikari.HikariDataSource       : HikariPool-1 - Starting...
2024-12-30 15:19:03.785  INFO 9040 --- [restartedMain] com.zaxxer.hikari.HikariDataSource       : HikariPool-1 - Start completed.
2024-12-30 15:19:03.804  INFO 9040 --- [restartedMain] o.s.b.a.h2.H2ConsoleAutoConfiguration    : H2 console available at '/h2-console'. Database available at 'jdbc:h2:mem:484c50f6-a9b2-4f35-9f3d-d2cf67d0b88e'
2024-12-30 15:19:04.143  INFO 9040 --- [restartedMain] o.hibernate.jpa.internal.util.LogHelper  : HHH000204: Processing PersistenceUnitInfo [name: default]
2024-12-30 15:19:04.235  INFO 9040 --- [restartedMain] org.hibernate.Version                    : HHH000412: Hibernate ORM core version 5.6.9.Final
2024-12-30 15:19:04.575  INFO 9040 --- [restartedMain] o.hibernate.annotations.common.Version   : HCANN000001: Hibernate Commons Annotations {5.1.2.Final}
2024-12-30 15:19:04.862  INFO 9040 --- [restartedMain] org.hibernate.dialect.Dialect            : HHH000400: Using dialect: org.hibernate.dialect.H2Dialect
2024-12-30 15:19:06.378  INFO 9040 --- [restartedMain] o.h.e.t.j.p.i.JtaPlatformInitiator       : HHH000490: Using JtaPlatform implementation: [org.hibernate.engine.transaction.jta.platform.internal.NoJtaPlatform]
2024-12-30 15:19:06.395  INFO 9040 --- [restartedMain] j.LocalContainerEntityManagerFactoryBean : Initialized JPA EntityManagerFactory for persistence unit 'default'
2024-12-30 15:19:07.498  WARN 9040 --- [restartedMain] JpaBaseConfiguration$JpaWebConfiguration : spring.jpa.open-in-view is enabled by default. Therefore, database queries may be performed during view rendering. Explicitly configure spring.jpa.open-in-view to disable this warning
2024-12-30 15:19:09.566  INFO 9040 --- [restartedMain] o.s.b.d.a.OptionalLiveReloadServer       : LiveReload server is running on port 35729
2024-12-30 15:19:09.936  INFO 9040 --- [restartedMain] DiscoveryClientOptionalArgsConfiguration : Eureka HTTP Client uses RestTemplate.
2024-12-30 15:19:10.058  WARN 9040 --- [restartedMain] iguration$LoadBalancerCaffeineWarnLogger : Spring Cloud LoadBalancer is currently working with the default cache. While this cache implementation is useful for development and tests, it's recommended to use Caffeine cache in production.You can switch to using Caffeine cache, by adding it and org.springframework.cache.caffeine.CaffeineCacheManager to the classpath.
2024-12-30 15:19:10.065  INFO 9040 --- [restartedMain] o.s.b.a.e.web.EndpointLinksResolver      : Exposing 17 endpoint(s) beneath base path '/actuator'
2024-12-30 15:19:10.232  INFO 9040 --- [restartedMain] o.s.b.w.embedded.tomcat.TomcatWebServer  : Tomcat started on port(s): 63516 (http) with context path ''
2024-12-30 15:19:10.235  INFO 9040 --- [restartedMain] .s.c.n.e.s.EurekaAutoServiceRegistration : Updating port to 63516
2024-12-30 15:19:10.241  INFO 9040 --- [restartedMain] o.s.c.n.eureka.InstanceInfoFactory       : Setting initial instance status as: STARTING
2024-12-30 15:19:10.362  INFO 9040 --- [restartedMain] com.netflix.discovery.DiscoveryClient    : Initializing Eureka in region us-east-1
2024-12-30 15:19:10.369  INFO 9040 --- [restartedMain] c.n.d.s.r.aws.ConfigClusterResolver      : Resolving eureka endpoints via configuration
2024-12-30 15:19:10.402  INFO 9040 --- [restartedMain] com.netflix.discovery.DiscoveryClient    : Disable delta property : false
2024-12-30 15:19:10.402  INFO 9040 --- [restartedMain] com.netflix.discovery.DiscoveryClient    : Single vip registry refresh property : null
2024-12-30 15:19:10.403  INFO 9040 --- [restartedMain] com.netflix.discovery.DiscoveryClient    : Force full registry fetch : false
2024-12-30 15:19:10.403  INFO 9040 --- [restartedMain] com.netflix.discovery.DiscoveryClient    : Application is null : false
2024-12-30 15:19:10.403  INFO 9040 --- [restartedMain] com.netflix.discovery.DiscoveryClient    : Registered Applications size is zero : true
2024-12-30 15:19:10.403  INFO 9040 --- [restartedMain] com.netflix.discovery.DiscoveryClient    : Application version is -1: true
2024-12-30 15:19:10.403  INFO 9040 --- [restartedMain] com.netflix.discovery.DiscoveryClient    : Getting all instance registry info from the eureka server
2024-12-30 15:19:10.959  INFO 9040 --- [restartedMain] com.netflix.discovery.DiscoveryClient    : The response status is 200
2024-12-30 15:19:10.963  INFO 9040 --- [restartedMain] com.netflix.discovery.DiscoveryClient    : Starting heartbeat executor: renew interval is: 30
2024-12-30 15:19:10.968  INFO 9040 --- [restartedMain] c.n.discovery.InstanceInfoReplicator     : InstanceInfoReplicator onDemand update allowed rate per min is 4
2024-12-30 15:19:10.976  INFO 9040 --- [restartedMain] com.netflix.discovery.DiscoveryClient    : Discovery Client initialized at timestamp 1735582750974 with initial instances count: 0
2024-12-30 15:19:10.978  INFO 9040 --- [restartedMain] o.s.c.n.e.s.EurekaServiceRegistry        : Registering application MSCARTOES with eureka with status UP
2024-12-30 15:19:10.979  INFO 9040 --- [restartedMain] com.netflix.discovery.DiscoveryClient    : Saw local status change event StatusChangeEvent [timestamp=1735582750979, current=UP, previous=STARTING]
2024-12-30 15:19:10.982  INFO 9040 --- [DiscoveryClient-InstanceInfoReplicator-0] com.netflix.discovery.DiscoveryClient    : DiscoveryClient_MSCARTOES/mscartoes:8b2f580bb336cbda16c57f0159f8c21b: registering service...
2024-12-30 15:19:11.160  INFO 9040 --- [DiscoveryClient-InstanceInfoReplicator-0] com.netflix.discovery.DiscoveryClient    : DiscoveryClient_MSCARTOES/mscartoes:8b2f580bb336cbda16c57f0159f8c21b - registration status: 204
2024-12-30 15:19:11.432  INFO 9040 --- [restartedMain] o.s.a.r.c.CachingConnectionFactory       : Attempting to connect to: [ms-rabbitmq:5672]
2024-12-30 15:19:14.145  INFO 9040 --- [restartedMain] o.s.a.r.l.SimpleMessageListenerContainer : Broker not available; cannot force queue declarations during start: java.net.UnknownHostException: Este host no  conhecido (ms-rabbitmq)
2024-12-30 15:19:14.153  INFO 9040 --- [org.springframework.amqp.rabbit.RabbitListenerEndpointContainer#0-1] o.s.a.r.c.CachingConnectionFactory       : Attempting to connect to: [ms-rabbitmq:5672]
2024-12-30 15:19:14.174  INFO 9040 --- [restartedMain] c.dandy.mscartoes.MscartoesApplication   : Started MscartoesApplication in 17.523 seconds (JVM running for 18.621)
2024-12-30 15:19:19.232  INFO 9040 --- [org.springframework.amqp.rabbit.RabbitListenerEndpointContainer#0-1] o.s.a.r.l.SimpleMessageListenerContainer : Restarting Consumer@1f00dfed: tags=[[]], channel=null, acknowledgeMode=AUTO local queue size=0
2024-12-30 15:19:19.235  INFO 9040 --- [org.springframework.amqp.rabbit.RabbitListenerEndpointContainer#0-2] o.s.a.r.c.CachingConnectionFactory       : Attempting to connect to: [ms-rabbitmq:5672]
2024-12-30 15:19:21.721  INFO 9040 --- [SpringApplicationShutdownHook] o.s.c.n.e.s.EurekaServiceRegistry        : Unregistering application MSCARTOES with eureka with status DOWN
2024-12-30 15:19:21.722  INFO 9040 --- [SpringApplicationShutdownHook] com.netflix.discovery.DiscoveryClient    : Saw local status change event StatusChangeEvent [timestamp=1735582761721, current=DOWN, previous=UP]
2024-12-30 15:19:21.722  INFO 9040 --- [DiscoveryClient-InstanceInfoReplicator-0] com.netflix.discovery.DiscoveryClient    : DiscoveryClient_MSCARTOES/mscartoes:8b2f580bb336cbda16c57f0159f8c21b: registering service...
2024-12-30 15:19:21.725  INFO 9040 --- [org.springframework.amqp.rabbit.RabbitListenerEndpointContainer#0-3] o.s.a.r.l.SimpleMessageListenerContainer : Waiting for workers to finish.
2024-12-30 15:19:21.726  INFO 9040 --- [org.springframework.amqp.rabbit.RabbitListenerEndpointContainer#0-3] o.s.a.r.l.SimpleMessageListenerContainer : Successfully waited for workers to finish.
2024-12-30 15:19:21.729  INFO 9040 --- [DiscoveryClient-InstanceInfoReplicator-0] com.netflix.discovery.DiscoveryClient    : DiscoveryClient_MSCARTOES/mscartoes:8b2f580bb336cbda16c57f0159f8c21b - registration status: 204
2024-12-30 15:19:21.760  INFO 9040 --- [SpringApplicationShutdownHook] o.s.a.r.l.SimpleMessageListenerContainer : Shutdown ignored - container is already stopped
2024-12-30 15:19:21.763  INFO 9040 --- [SpringApplicationShutdownHook] j.LocalContainerEntityManagerFactoryBean : Closing JPA EntityManagerFactory for persistence unit 'default'
2024-12-30 15:19:21.764  INFO 9040 --- [SpringApplicationShutdownHook] .SchemaDropperImpl$DelayedDropActionImpl : HHH000477: Starting delayed evictData of schema as part of SessionFactory shut-down'
2024-12-30 15:19:21.987  WARN 9040 --- [SpringApplicationShutdownHook] o.s.b.f.support.DisposableBeanAdapter    : Invocation of destroy method failed on bean with name 'inMemoryDatabaseShutdownExecutor': org.h2.jdbc.JdbcSQLNonTransientConnectionException: Database is already closed (to disable automatic closing at VM shutdown, add ";DB_CLOSE_ON_EXIT=FALSE" to the db URL) [90121-212]
2024-12-30 15:19:21.989  INFO 9040 --- [SpringApplicationShutdownHook] com.zaxxer.hikari.HikariDataSource       : HikariPool-1 - Shutdown initiated...
2024-12-30 15:19:21.993  INFO 9040 --- [SpringApplicationShutdownHook] com.zaxxer.hikari.HikariDataSource       : HikariPool-1 - Shutdown completed.
2024-12-30 15:19:21.994  INFO 9040 --- [SpringApplicationShutdownHook] com.netflix.discovery.DiscoveryClient    : Shutting down DiscoveryClient ...
2024-12-30 15:19:25.000  INFO 9040 --- [SpringApplicationShutdownHook] com.netflix.discovery.DiscoveryClient    : Unregistering ...
2024-12-30 15:19:25.008  INFO 9040 --- [SpringApplicationShutdownHook] com.netflix.discovery.DiscoveryClient    : DiscoveryClient_MSCARTOES/mscartoes:8b2f580bb336cbda16c57f0159f8c21b - deregister  status: 200
2024-12-30 15:19:25.014  INFO 9040 --- [SpringApplicationShutdownHook] com.netflix.discovery.DiscoveryClient    : Completed shut down of DiscoveryClient
2024-12-30 16:37:13.365  INFO 17644 --- [main] c.d.mscartoes.MscartoesApplicationTests  : Starting MscartoesApplicationTests using Java 17.0.6 on DESKTOP-O8M6F8V with PID 17644 (started by ander in D:\desenvolvimento\udemy\Microservices-Mensageria-RabbitMQ-Keycloak\projeto\projeto-ms-credito\mscartoes)
2024-12-30 16:37:13.368  INFO 17644 --- [main] c.d.mscartoes.MscartoesApplicationTests  : No active profile set, falling back to 1 default profile: "default"
2024-12-30 16:37:15.470  INFO 17644 --- [main] .s.d.r.c.RepositoryConfigurationDelegate : Bootstrapping Spring Data JPA repositories in DEFAULT mode.
2024-12-30 16:37:15.743  INFO 17644 --- [main] .s.d.r.c.RepositoryConfigurationDelegate : Finished Spring Data repository scanning in 258 ms. Found 2 JPA repository interfaces.
2024-12-30 16:37:16.249  INFO 17644 --- [main] o.s.cloud.context.scope.GenericScope     : BeanFactory id=d70bd6f8-8e91-3b7a-94ae-c448a53a1dcf
2024-12-30 16:37:17.011  INFO 17644 --- [main] com.zaxxer.hikari.HikariDataSource       : HikariPool-1 - Starting...
2024-12-30 16:37:17.360  INFO 17644 --- [main] com.zaxxer.hikari.HikariDataSource       : HikariPool-1 - Start completed.
2024-12-30 16:37:17.454  INFO 17644 --- [main] o.hibernate.jpa.internal.util.LogHelper  : HHH000204: Processing PersistenceUnitInfo [name: default]
2024-12-30 16:37:17.535  INFO 17644 --- [main] org.hibernate.Version                    : HHH000412: Hibernate ORM core version 5.6.9.Final
2024-12-30 16:37:17.803  INFO 17644 --- [main] o.hibernate.annotations.common.Version   : HCANN000001: Hibernate Commons Annotations {5.1.2.Final}
2024-12-30 16:37:17.964  INFO 17644 --- [main] org.hibernate.dialect.Dialect            : HHH000400: Using dialect: org.hibernate.dialect.H2Dialect
2024-12-30 16:37:18.723  INFO 17644 --- [main] o.h.e.t.j.p.i.JtaPlatformInitiator       : HHH000490: Using JtaPlatform implementation: [org.hibernate.engine.transaction.jta.platform.internal.NoJtaPlatform]
2024-12-30 16:37:18.732  INFO 17644 --- [main] j.LocalContainerEntityManagerFactoryBean : Initialized JPA EntityManagerFactory for persistence unit 'default'
2024-12-30 16:37:20.011  WARN 17644 --- [main] JpaBaseConfiguration$JpaWebConfiguration : spring.jpa.open-in-view is enabled by default. Therefore, database queries may be performed during view rendering. Explicitly configure spring.jpa.open-in-view to disable this warning
2024-12-30 16:37:23.573  INFO 17644 --- [main] DiscoveryClientOptionalArgsConfiguration : Eureka HTTP Client uses RestTemplate.
2024-12-30 16:37:23.765  WARN 17644 --- [main] iguration$LoadBalancerCaffeineWarnLogger : Spring Cloud LoadBalancer is currently working with the default cache. While this cache implementation is useful for development and tests, it's recommended to use Caffeine cache in production.You can switch to using Caffeine cache, by adding it and org.springframework.cache.caffeine.CaffeineCacheManager to the classpath.
2024-12-30 16:37:23.783  INFO 17644 --- [main] o.s.b.a.e.web.EndpointLinksResolver      : Exposing 17 endpoint(s) beneath base path '/actuator'
2024-12-30 16:37:23.928  INFO 17644 --- [main] o.s.a.r.c.CachingConnectionFactory       : Attempting to connect to: [ms-rabbitmq:5672]
2024-12-30 16:37:26.628  INFO 17644 --- [main] o.s.a.r.l.SimpleMessageListenerContainer : Broker not available; cannot force queue declarations during start: java.net.UnknownHostException: Este host no  conhecido (ms-rabbitmq)
2024-12-30 16:37:26.635  INFO 17644 --- [org.springframework.amqp.rabbit.RabbitListenerEndpointContainer#0-1] o.s.a.r.c.CachingConnectionFactory       : Attempting to connect to: [ms-rabbitmq:5672]
2024-12-30 16:37:26.655  INFO 17644 --- [main] c.d.mscartoes.MscartoesApplicationTests  : Started MscartoesApplicationTests in 14.199 seconds (JVM running for 15.454)
2024-12-30 16:37:27.005  INFO 17644 --- [SpringApplicationShutdownHook] o.s.c.n.eureka.InstanceInfoFactory       : Setting initial instance status as: STARTING
2024-12-30 16:37:27.007  INFO 17644 --- [SpringApplicationShutdownHook] o.s.c.n.e.s.EurekaServiceRegistry        : Unregistering application MSCARTOES with eureka with status DOWN
2024-12-30 16:37:27.014  INFO 17644 --- [org.springframework.amqp.rabbit.RabbitListenerEndpointContainer#0-2] o.s.a.r.l.SimpleMessageListenerContainer : Waiting for workers to finish.
2024-12-30 16:37:27.015  INFO 17644 --- [org.springframework.amqp.rabbit.RabbitListenerEndpointContainer#0-2] o.s.a.r.l.SimpleMessageListenerContainer : Successfully waited for workers to finish.
2024-12-30 16:37:27.029  INFO 17644 --- [SpringApplicationShutdownHook] o.s.a.r.l.SimpleMessageListenerContainer : Shutdown ignored - container is already stopped
2024-12-30 16:37:27.033  INFO 17644 --- [SpringApplicationShutdownHook] j.LocalContainerEntityManagerFactoryBean : Closing JPA EntityManagerFactory for persistence unit 'default'
2024-12-30 16:37:27.034  INFO 17644 --- [SpringApplicationShutdownHook] .SchemaDropperImpl$DelayedDropActionImpl : HHH000477: Starting delayed evictData of schema as part of SessionFactory shut-down'
2024-12-30 16:37:27.041  INFO 17644 --- [SpringApplicationShutdownHook] com.zaxxer.hikari.HikariDataSource       : HikariPool-1 - Shutdown initiated...
2024-12-30 16:37:27.044  INFO 17644 --- [SpringApplicationShutdownHook] com.zaxxer.hikari.HikariDataSource       : HikariPool-1 - Shutdown completed.
